#
# A fatal error has been detected by the Java Runtime Environment:
#
#  EXCEPTION_ACCESS_VIOLATION (0xc0000005) at pc=0x00007ffdb9b02037, pid=10728, tid=6820
#
# JRE version: OpenJDK Runtime Environment (11.0.12+7) (build 11.0.12+7-b1504.28-7817840)
# Java VM: OpenJDK 64-Bit Server VM (11.0.12+7-b1504.28-7817840, mixed mode, tiered, compressed oops, g1 gc, windows-amd64)
# Problematic frame:
# V  [jvm.dll+0x512037]
#
# No core dump will be written. Minidumps are not enabled by default on client versions of Windows
#
# If you would like to submit a bug report, please visit:
#   https://bugreport.java.com/bugreport/crash.jsp
#

---------------  S U M M A R Y ------------

Command Line: --add-opens=java.base/java.util=ALL-UNNAMED --add-opens=java.base/java.lang=ALL-UNNAMED --add-opens=java.base/java.lang.invoke=ALL-UNNAMED --add-opens=java.base/java.util=ALL-UNNAMED --add-opens=java.prefs/java.util.prefs=ALL-UNNAMED --add-opens=java.prefs/java.util.prefs=ALL-UNNAMED --add-opens=java.base/java.nio.charset=ALL-UNNAMED --add-opens=java.base/java.net=ALL-UNNAMED --add-opens=java.base/java.util.concurrent.atomic=ALL-UNNAMED -Xmx2048m -Dfile.encoding=UTF-8 -Duser.country=US -Duser.language=en -Duser.variant org.gradle.launcher.daemon.bootstrap.GradleDaemon 7.3.3

Host: Intel(R) Core(TM) i5-8300H CPU @ 2.30GHz, 8 cores, 11G,  Windows 10 , 64 bit Build 19041 (10.0.19041.1466)
Time: Wed Jan  4 14:05:46 2023 West Asia Standard Time elapsed time: 3.410553 seconds (0d 0h 0m 3s)

---------------  T H R E A D  ---------------

Current thread (0x000001836a50b800):  JavaThread "C2 CompilerThread1" daemon [_thread_in_native, id=6820, stack(0x00000070a3f00000,0x00000070a4000000)]


Current CompileTask:
C2:   3410 3830       4       java.lang.invoke.MethodType::makeImpl (108 bytes)

Stack: [0x00000070a3f00000,0x00000070a4000000],  sp=0x00000070a3ffb510,  free space=1005k
Native frames: (J=compiled Java code, j=interpreted, Vv=VM code, C=native code)
V  [jvm.dll+0x512037]
V  [jvm.dll+0x5116c7]
V  [jvm.dll+0x2018ec]
V  [jvm.dll+0x1ff71f]
V  [jvm.dll+0x18868c]
V  [jvm.dll+0x20e0d7]
V  [jvm.dll+0x20c901]
V  [jvm.dll+0x6f9b7f]
V  [jvm.dll+0x6f26a5]
V  [jvm.dll+0x5fabf6]
C  [ucrtbase.dll+0x21bb2]
C  [KERNEL32.DLL+0x17034]
C  [ntdll.dll+0x52651]


siginfo: EXCEPTION_ACCESS_VIOLATION (0xc0000005), reading address 0xffffffffffffffff


Register to memory mapping:

RIP=0x00007ffdb9b02037 jvm.dll
RAX=0x0 is NULL
RBX=0x7b9800000183696b is an unknown value
RCX=0x0000000000000001 is an unknown value
RDX=0x000001836c4b4dc8 points into unknown readable memory: 0xf60090f11e5d762a | 2a 76 5d 1e f1 90 00 f6
RSP=0x00000070a3ffb510 is pointing into the stack for thread: 0x000001836a50b800
RBP=0x00000070a3ffb680 is pointing into the stack for thread: 0x000001836a50b800
RSI=0x0000000000000a8e is an unknown value
RDI=0x00000070a3ffb630 is pointing into the stack for thread: 0x000001836a50b800
R8 =0x0000000000001000 is an unknown value
R9 =0x00000070a3ffbb90 is pointing into the stack for thread: 0x000001836a50b800
R10=0x000001836aa30f20 points into unknown readable memory: 0x000001836ab689b0 | b0 89 b6 6a 83 01 00 00
R11=0x0000018369e8be90 points into unknown readable memory: 0x000001836a520860 | 60 08 52 6a 83 01 00 00
R12=0x00000070a3ffb5c8 is pointing into the stack for thread: 0x000001836a50b800
R13=0x00000070a3ffb5a0 is pointing into the stack for thread: 0x000001836a50b800
R14=0x0000000000000001 is an unknown value
R15=0x00000183696b7ac0 points into unknown readable memory: 0x00007ffdb9e5c578 | 78 c5 e5 b9 fd 7f 00 00


Registers:
RAX=0x0000000000000000, RBX=0x7b9800000183696b, RCX=0x0000000000000001, RDX=0x000001836c4b4dc8
RSP=0x00000070a3ffb510, RBP=0x00000070a3ffb680, RSI=0x0000000000000a8e, RDI=0x00000070a3ffb630
R8 =0x0000000000001000, R9 =0x00000070a3ffbb90, R10=0x000001836aa30f20, R11=0x0000018369e8be90
R12=0x00000070a3ffb5c8, R13=0x00000070a3ffb5a0, R14=0x0000000000000001, R15=0x00000183696b7ac0
RIP=0x00007ffdb9b02037, EFLAGS=0x0000000000010203

Top of Stack: (sp=0x00000070a3ffb510)
0x00000070a3ffb510:   00000183696b7960 0000000000000a8e
0x00000070a3ffb520:   0000000000000a84 00000070a3ffb5c8
0x00000070a3ffb530:   00000070a3ffc568 00007ffdb9c182e0
0x00000070a3ffb540:   000001836a8088c0 0000000000000001
0x00000070a3ffb550:   0000018368b97370 00000070a3ffb680
0x00000070a3ffb560:   0000000000000000 0000000000000002
0x00000070a3ffb570:   00000070a3ffbb90 00007ffdb9b016c7
0x00000070a3ffb580:   00000070a3ffbb90 0000000000000001
0x00000070a3ffb590:   0000000000000001 00000070a3ffb630
0x00000070a3ffb5a0:   000001836a8088c0 0000000000001000
0x00000070a3ffb5b0:   000001836e80e2b0 0000000000000a8e
0x00000070a3ffb5c0:   0000000000000001 00007ffdb9e6fad8
0x00000070a3ffb5d0:   000001836a8088c0 0000018300000200
0x00000070a3ffb5e0:   000001836c4b4b00 000001836a8088c0
0x00000070a3ffb5f0:   000001836af33ec0 0000000000098298
0x00000070a3ffb600:   000001836af33f10 000001836af3bea8 

Instructions: (pc=0x00007ffdb9b02037)
0x00007ffdb9b01f37:   18 00 0f 85 d3 fc ff ff 4c 8b 74 24 20 4c 8b 64
0x00007ffdb9b01f47:   24 28 48 8b 7c 24 30 48 8b 74 24 38 48 8b 5c 24
0x00007ffdb9b01f57:   68 48 83 c4 40 41 5f 41 5d 5d c3 cc cc cc cc cc
0x00007ffdb9b01f67:   cc cc cc cc cc cc cc cc cc 48 89 4c 24 08 57 41
0x00007ffdb9b01f77:   54 41 55 48 83 ec 50 41 83 78 18 00 49 8b f9 4c
0x00007ffdb9b01f87:   8b c9 4d 8b e8 4c 8b e2 0f 84 5c 02 00 00 48 89
0x00007ffdb9b01f97:   5c 24 78 48 89 6c 24 48 48 89 74 24 40 4c 89 74
0x00007ffdb9b01fa7:   24 38 4c 89 7c 24 30 66 90 41 ff 4d 18 41 8b 4d
0x00007ffdb9b01fb7:   18 49 8b 45 10 4c 8b 3c c8 41 8b 4f 28 8b c1 c1
0x00007ffdb9b01fc7:   e8 05 41 3b 44 24 10 72 13 49 8b 04 24 8b d1 49
0x00007ffdb9b01fd7:   8b cc ff 50 18 4c 8b 4c 24 70 eb 2a 83 e1 1f 41
0x00007ffdb9b01fe7:   b8 01 00 00 00 41 d3 e0 8b c8 49 8b 44 24 18 48
0x00007ffdb9b01ff7:   8d 14 88 8b 0c 88 8b c1 41 0b c8 89 0a 41 23 c0
0x00007ffdb9b02007:   0f 85 c0 01 00 00 41 8b 4f 20 45 33 f6 89 8c 24
0x00007ffdb9b02017:   80 00 00 00 0f 1f 44 00 00 44 3b f1 0f 83 74 01
0x00007ffdb9b02027:   00 00 49 8b 5f 10 41 8b c6 41 ff c6 48 8b 1c c3
0x00007ffdb9b02037:   8b 43 28 41 3b 41 28 73 0d 8b c8 49 8b 41 30 48
0x00007ffdb9b02047:   83 3c c8 00 75 3c 48 83 7b 10 00 74 35 49 8d b1
0x00007ffdb9b02057:   b8 09 00 00 8b 6e 18 8d 45 01 89 46 18 3b 6e 08
0x00007ffdb9b02067:   72 0f 8b d5 48 8b ce e8 bd 61 11 00 4c 8b 4c 24
0x00007ffdb9b02077:   70 48 8b 46 10 8b 8c 24 80 00 00 00 48 89 1c e8
0x00007ffdb9b02087:   eb 97 48 8b 43 08 48 83 38 00 0f 84 89 00 00 00
0x00007ffdb9b02097:   48 8b 03 48 8b cb ff 50 10 84 c0 75 0a 8b 43 2c
0x00007ffdb9b020a7:   83 e0 0f 3c 0c 75 6d 8b 4b 28 8b c1 c1 e8 05 41
0x00007ffdb9b020b7:   3b 44 24 10 73 2a 4c 8b 4c 24 70 83 e1 1f 44 8b
0x00007ffdb9b020c7:   c0 ba 01 00 00 00 49 8b 44 24 18 d3 e2 8b 8c 24
0x00007ffdb9b020d7:   80 00 00 00 42 8b 04 80 23 c2 0f 85 39 ff ff ff
0x00007ffdb9b020e7:   41 8b 75 18 8d 46 01 41 89 45 18 41 3b 75 08 72
0x00007ffdb9b020f7:   0a 8b d6 49 8b cd e8 2e 61 11 00 49 8b 45 10 8b
0x00007ffdb9b02107:   8c 24 80 00 00 00 4c 8b 4c 24 70 48 89 1c f0 e9
0x00007ffdb9b02117:   05 ff ff ff 4c 8b 4c 24 70 8b 4b 28 8b c1 c1 e8
0x00007ffdb9b02127:   05 41 3b 44 24 10 72 0e 49 8b 04 24 8b d1 49 8b 


Stack slot to memory mapping:
stack at sp + 0 slots: 0x00000183696b7960 points into unknown readable memory: 0x00007ffdb9de50e0 | e0 50 de b9 fd 7f 00 00
stack at sp + 1 slots: 0x0000000000000a8e is an unknown value
stack at sp + 2 slots: 0x0000000000000a84 is an unknown value
stack at sp + 3 slots: 0x00000070a3ffb5c8 is pointing into the stack for thread: 0x000001836a50b800
stack at sp + 4 slots: 0x00000070a3ffc568 is pointing into the stack for thread: 0x000001836a50b800
stack at sp + 5 slots: 0x00007ffdb9c182e0 jvm.dll
stack at sp + 6 slots: 0x000001836a8088c0 points into unknown readable memory: 0x0000000000000006 | 06 00 00 00 00 00 00 00
stack at sp + 7 slots: 0x0000000000000001 is an unknown value


---------------  P R O C E S S  ---------------

Threads class SMR info:
_java_thread_list=0x000001836c3e22e0, length=38, elements={
0x000001834bd3d000, 0x00000183669cd800, 0x00000183669c8800, 0x00000183671eb800,
0x00000183671ed800, 0x00000183671ee800, 0x0000018367231800, 0x0000018367233000,
0x0000018367238800, 0x000001836739d800, 0x00000183685f4800, 0x00000183685f5000,
0x00000183685f3000, 0x00000183685f6000, 0x00000183685f7000, 0x00000183685f7800,
0x00000183685f9800, 0x00000183685f3800, 0x00000183685f8800, 0x000001836946c000,
0x000001836a50b800, 0x0000018369469000, 0x0000018369467000, 0x0000018369469800,
0x000001836946a800, 0x0000018369466800, 0x000001836946b800, 0x000001836946d000,
0x000001836946d800, 0x000001836940e800, 0x0000018369468000, 0x0000018369472000,
0x0000018369470000, 0x0000018369471000, 0x0000018369472800, 0x0000018369474000,
0x000001836946e800, 0x0000018369475000
}

Java Threads: ( => current thread )
  0x000001834bd3d000 JavaThread "main" [_thread_blocked, id=1280, stack(0x00000070a2100000,0x00000070a2200000)]
  0x00000183669cd800 JavaThread "Reference Handler" daemon [_thread_blocked, id=9912, stack(0x00000070a2800000,0x00000070a2900000)]
  0x00000183669c8800 JavaThread "Finalizer" daemon [_thread_blocked, id=732, stack(0x00000070a2900000,0x00000070a2a00000)]
  0x00000183671eb800 JavaThread "Signal Dispatcher" daemon [_thread_blocked, id=2540, stack(0x00000070a2a00000,0x00000070a2b00000)]
  0x00000183671ed800 JavaThread "Attach Listener" daemon [_thread_blocked, id=2736, stack(0x00000070a2b00000,0x00000070a2c00000)]
  0x00000183671ee800 JavaThread "Service Thread" daemon [_thread_blocked, id=11028, stack(0x00000070a2c00000,0x00000070a2d00000)]
  0x0000018367231800 JavaThread "C2 CompilerThread0" daemon [_thread_in_native, id=9352, stack(0x00000070a2d00000,0x00000070a2e00000)]
  0x0000018367233000 JavaThread "C1 CompilerThread0" daemon [_thread_blocked, id=4692, stack(0x00000070a2e00000,0x00000070a2f00000)]
  0x0000018367238800 JavaThread "Sweeper thread" daemon [_thread_blocked, id=3536, stack(0x00000070a2f00000,0x00000070a3000000)]
  0x000001836739d800 JavaThread "Common-Cleaner" daemon [_thread_blocked, id=9004, stack(0x00000070a3000000,0x00000070a3100000)]
  0x00000183685f4800 JavaThread "Daemon health stats" [_thread_blocked, id=8032, stack(0x00000070a3700000,0x00000070a3800000)]
  0x00000183685f5000 JavaThread "Incoming local TCP Connector on port 50048" [_thread_in_native, id=9228, stack(0x00000070a3200000,0x00000070a3300000)]
  0x00000183685f3000 JavaThread "Daemon periodic checks" [_thread_blocked, id=8256, stack(0x00000070a3600000,0x00000070a3700000)]
  0x00000183685f6000 JavaThread "Daemon" [_thread_blocked, id=6768, stack(0x00000070a3800000,0x00000070a3900000)]
  0x00000183685f7000 JavaThread "Handler for socket connection from /127.0.0.1:50048 to /127.0.0.1:50049" [_thread_in_native, id=9436, stack(0x00000070a3900000,0x00000070a3a00000)]
  0x00000183685f7800 JavaThread "Cancel handler" [_thread_blocked, id=10272, stack(0x00000070a3a00000,0x00000070a3b00000)]
  0x00000183685f9800 JavaThread "Daemon worker" [_thread_in_native, id=9964, stack(0x00000070a3b00000,0x00000070a3c00000)]
  0x00000183685f3800 JavaThread "Asynchronous log dispatcher for DefaultDaemonConnection: socket connection from /127.0.0.1:50048 to /127.0.0.1:50049" [_thread_blocked, id=1964, stack(0x00000070a3c00000,0x00000070a3d00000)]
  0x00000183685f8800 JavaThread "Stdin handler" [_thread_blocked, id=3208, stack(0x00000070a3d00000,0x00000070a3e00000)]
  0x000001836946c000 JavaThread "Daemon client event forwarder" [_thread_blocked, id=7064, stack(0x00000070a3e00000,0x00000070a3f00000)]
=>0x000001836a50b800 JavaThread "C2 CompilerThread1" daemon [_thread_in_native, id=6820, stack(0x00000070a3f00000,0x00000070a4000000)]
  0x0000018369469000 JavaThread "Cache worker for journal cache (C:\Users\user\.gradle\caches\journal-1)" [_thread_blocked, id=5312, stack(0x00000070a4000000,0x00000070a4100000)]
  0x0000018369467000 JavaThread "File lock request listener" [_thread_in_native, id=6760, stack(0x00000070a4100000,0x00000070a4200000)]
  0x0000018369469800 JavaThread "Cache worker for file hash cache (C:\Users\user\.gradle\caches\7.3.3\fileHashes)" [_thread_blocked, id=6004, stack(0x00000070a4200000,0x00000070a4300000)]
  0x000001836946a800 JavaThread "Cache worker for file hash cache (C:\Users\user\AndroidStudioProjects\2048\.gradle\7.3.3\fileHashes)" [_thread_blocked, id=2776, stack(0x00000070a4800000,0x00000070a4900000)]
  0x0000018369466800 JavaThread "File watcher server" daemon [_thread_in_native, id=4976, stack(0x00000070a4900000,0x00000070a4a00000)]
  0x000001836946b800 JavaThread "File watcher consumer" daemon [_thread_blocked, id=6420, stack(0x00000070a4a00000,0x00000070a4b00000)]
  0x000001836946d000 JavaThread "Cache worker for checksums cache (C:\Users\user\AndroidStudioProjects\2048\.gradle\7.3.3\checksums)" [_thread_blocked, id=9368, stack(0x00000070a4b00000,0x00000070a4c00000)]
  0x000001836946d800 JavaThread "Cache worker for cache directory md-supplier (C:\Users\user\.gradle\caches\7.3.3\md-supplier)" [_thread_blocked, id=2448, stack(0x00000070a4c00000,0x00000070a4d00000)]
  0x000001836940e800 JavaThread "C2 CompilerThread2" daemon [_thread_in_native, id=10752, stack(0x00000070a4d00000,0x00000070a4e00000)]
  0x0000018369468000 JavaThread "Cache worker for cache directory md-rule (C:\Users\user\.gradle\caches\7.3.3\md-rule)" [_thread_blocked, id=11164, stack(0x00000070a4e00000,0x00000070a4f00000)]
  0x0000018369472000 JavaThread "Cache worker for execution history cache (C:\Users\user\.gradle\caches\7.3.3\executionHistory)" [_thread_blocked, id=7300, stack(0x00000070a4f00000,0x00000070a5000000)]
  0x0000018369470000 JavaThread "jar transforms" [_thread_blocked, id=1748, stack(0x00000070a5000000,0x00000070a5100000)]
  0x0000018369471000 JavaThread "Cache worker for file content cache (C:\Users\user\.gradle\caches\7.3.3\fileContent)" [_thread_blocked, id=4500, stack(0x00000070a5100000,0x00000070a5200000)]
  0x0000018369472800 JavaThread "jar transforms Thread 2" [_thread_blocked, id=10084, stack(0x00000070a5200000,0x00000070a5300000)]
  0x0000018369474000 JavaThread "Cache worker for dependencies-accessors (C:\Users\user\AndroidStudioProjects\2048\.gradle\7.3.3\dependencies-accessors)" [_thread_blocked, id=6432, stack(0x00000070a5300000,0x00000070a5400000)]
  0x000001836946e800 JavaThread "jar transforms Thread 3" [_thread_blocked, id=5164, stack(0x00000070a5400000,0x00000070a5500000)]
  0x0000018369475000 JavaThread "Cache worker for Build Output Cleanup Cache (C:\Users\user\AndroidStudioProjects\2048\.gradle\buildOutputCleanup)" [_thread_blocked, id=9476, stack(0x00000070a5500000,0x00000070a5600000)]

Other Threads:
  0x00000183671d6800 VMThread "VM Thread" [stack: 0x00000070a2700000,0x00000070a2800000] [id=2768]
  0x00000183673d5800 WatcherThread [stack: 0x00000070a3100000,0x00000070a3200000] [id=4212]
  0x000001834bd54800 GCTaskThread "GC Thread#0" [stack: 0x00000070a2200000,0x00000070a2300000] [id=1660]
  0x0000018367f98000 GCTaskThread "GC Thread#1" [stack: 0x00000070a3300000,0x00000070a3400000] [id=6148]
  0x0000018367e3d800 GCTaskThread "GC Thread#2" [stack: 0x00000070a3400000,0x00000070a3500000] [id=8404]
  0x0000018367cba000 GCTaskThread "GC Thread#3" [stack: 0x00000070a3500000,0x00000070a3600000] [id=2848]
  0x0000018368ebe800 GCTaskThread "GC Thread#4" [stack: 0x00000070a4300000,0x00000070a4400000] [id=10020]
  0x0000018369107800 GCTaskThread "GC Thread#5" [stack: 0x00000070a4400000,0x00000070a4500000] [id=1076]
  0x0000018368d59000 GCTaskThread "GC Thread#6" [stack: 0x00000070a4500000,0x00000070a4600000] [id=4184]
  0x0000018369196000 GCTaskThread "GC Thread#7" [stack: 0x00000070a4600000,0x00000070a4700000] [id=6036]
  0x000001834bd86800 ConcurrentGCThread "G1 Main Marker" [stack: 0x00000070a2300000,0x00000070a2400000] [id=8908]
  0x000001834bd88800 ConcurrentGCThread "G1 Conc#0" [stack: 0x00000070a2400000,0x00000070a2500000] [id=7420]
  0x00000183682fa800 ConcurrentGCThread "G1 Conc#1" [stack: 0x00000070a4700000,0x00000070a4800000] [id=5296]
  0x000001834be1e800 ConcurrentGCThread "G1 Refine#0" [stack: 0x00000070a2500000,0x00000070a2600000] [id=10736]
  0x0000018366812800 ConcurrentGCThread "G1 Young RemSet Sampling" [stack: 0x00000070a2600000,0x00000070a2700000] [id=8900]

Threads with active compile tasks:
C2 CompilerThread0   3428 3825       4       jdk.internal.org.objectweb.asm.Frame::execute (2264 bytes)
C1 CompilerThread0   3428 3933       3       org.gradle.api.internal.artifacts.DefaultModuleIdentifier::<init> (34 bytes)
C2 CompilerThread1   3428 3830       4       java.lang.invoke.MethodType::makeImpl (108 bytes)
C2 CompilerThread2   3428 3814       4       java.lang.invoke.LambdaForm$Name::replaceNames (174 bytes)

VM state:not at safepoint (normal execution)

VM Mutex/Monitor currently owned by a thread: None

Heap address: 0x0000000080000000, size: 2048 MB, Compressed Oops mode: 32-bit
Narrow klass base: 0x0000000000000000, Narrow klass shift: 3
Compressed class space size: 1073741824 Address: 0x0000000100000000

Heap:
 garbage-first heap   total 194560K, used 77722K [0x0000000080000000, 0x0000000100000000)
  region size 1024K, 61 young (62464K), 12 survivors (12288K)
 Metaspace       used 47256K, capacity 48399K, committed 48592K, reserved 1091584K
  class space    used 6111K, capacity 6516K, committed 6608K, reserved 1048576K
Heap Regions: E=young(eden), S=young(survivor), O=old, HS=humongous(starts), HC=humongous(continues), CS=collection set, F=free, A=archive, TAMS=top-at-mark-start (previous, next)
|   0|0x0000000080000000, 0x0000000080100000, 0x0000000080100000|100%| O|  |TAMS 0x0000000080100000, 0x0000000080000000| Untracked 
|   1|0x0000000080100000, 0x0000000080200000, 0x0000000080200000|100%| O|  |TAMS 0x0000000080200000, 0x0000000080100000| Untracked 
|   2|0x0000000080200000, 0x0000000080300000, 0x0000000080300000|100%| O|  |TAMS 0x0000000080300000, 0x0000000080200000| Untracked 
|   3|0x0000000080300000, 0x0000000080400000, 0x0000000080400000|100%|HS|  |TAMS 0x0000000080400000, 0x0000000080300000| Complete 
|   4|0x0000000080400000, 0x0000000080500000, 0x0000000080500000|100%|HC|  |TAMS 0x0000000080500000, 0x0000000080400000| Complete 
|   5|0x0000000080500000, 0x0000000080600000, 0x0000000080600000|100%|HC|  |TAMS 0x0000000080600000, 0x0000000080500000| Complete 
|   6|0x0000000080600000, 0x0000000080700000, 0x0000000080700000|100%| O|  |TAMS 0x0000000080700000, 0x0000000080600000| Untracked 
|   7|0x0000000080700000, 0x0000000080800000, 0x0000000080800000|100%| O|  |TAMS 0x0000000080800000, 0x0000000080700000| Untracked 
|   8|0x0000000080800000, 0x0000000080900000, 0x0000000080900000|100%| O|  |TAMS 0x0000000080900000, 0x0000000080800000| Untracked 
|   9|0x0000000080900000, 0x0000000080a00000, 0x0000000080a00000|100%| O|  |TAMS 0x0000000080a00000, 0x0000000080900000| Untracked 
|  10|0x0000000080a00000, 0x0000000080b00000, 0x0000000080b00000|100%| O|  |TAMS 0x0000000080b00000, 0x0000000080a00000| Untracked 
|  11|0x0000000080b00000, 0x0000000080c00000, 0x0000000080c00000|100%| O|  |TAMS 0x0000000080c00000, 0x0000000080b00000| Untracked 
|  12|0x0000000080c00000, 0x0000000080d00000, 0x0000000080d00000|100%| O|  |TAMS 0x0000000080d00000, 0x0000000080c00000| Untracked 
|  13|0x0000000080d00000, 0x0000000080e00000, 0x0000000080e00000|100%| O|  |TAMS 0x0000000080e00000, 0x0000000080d00000| Untracked 
|  14|0x0000000080e00000, 0x0000000080f00000, 0x0000000080f00000|100%| O|  |TAMS 0x0000000080f00000, 0x0000000080e00000| Untracked 
|  15|0x0000000080f00000, 0x0000000081000000, 0x0000000081000000|100%| O|  |TAMS 0x0000000081000000, 0x0000000080f00000| Untracked 
|  16|0x0000000081000000, 0x0000000081036e00, 0x0000000081100000| 21%| O|  |TAMS 0x0000000081036e00, 0x0000000081000000| Untracked 
|  17|0x0000000081100000, 0x0000000081100000, 0x0000000081200000|  0%| F|  |TAMS 0x0000000081100000, 0x0000000081100000| Untracked 
|  18|0x0000000081200000, 0x0000000081200000, 0x0000000081300000|  0%| F|  |TAMS 0x0000000081200000, 0x0000000081200000| Untracked 
|  19|0x0000000081300000, 0x0000000081300000, 0x0000000081400000|  0%| F|  |TAMS 0x0000000081300000, 0x0000000081300000| Untracked 
|  20|0x0000000081400000, 0x0000000081400000, 0x0000000081500000|  0%| F|  |TAMS 0x0000000081400000, 0x0000000081400000| Untracked 
|  21|0x0000000081500000, 0x0000000081500000, 0x0000000081600000|  0%| F|  |TAMS 0x0000000081500000, 0x0000000081500000| Untracked 
|  22|0x0000000081600000, 0x0000000081600000, 0x0000000081700000|  0%| F|  |TAMS 0x0000000081600000, 0x0000000081600000| Untracked 
|  23|0x0000000081700000, 0x0000000081700000, 0x0000000081800000|  0%| F|  |TAMS 0x0000000081700000, 0x0000000081700000| Untracked 
|  24|0x0000000081800000, 0x0000000081800000, 0x0000000081900000|  0%| F|  |TAMS 0x0000000081800000, 0x0000000081800000| Untracked 
|  25|0x0000000081900000, 0x0000000081900000, 0x0000000081a00000|  0%| F|  |TAMS 0x0000000081900000, 0x0000000081900000| Untracked 
|  26|0x0000000081a00000, 0x0000000081a00000, 0x0000000081b00000|  0%| F|  |TAMS 0x0000000081a00000, 0x0000000081a00000| Untracked 
|  27|0x0000000081b00000, 0x0000000081b00000, 0x0000000081c00000|  0%| F|  |TAMS 0x0000000081b00000, 0x0000000081b00000| Untracked 
|  28|0x0000000081c00000, 0x0000000081c00000, 0x0000000081d00000|  0%| F|  |TAMS 0x0000000081c00000, 0x0000000081c00000| Untracked 
|  29|0x0000000081d00000, 0x0000000081d00000, 0x0000000081e00000|  0%| F|  |TAMS 0x0000000081d00000, 0x0000000081d00000| Untracked 
|  30|0x0000000081e00000, 0x0000000081e00000, 0x0000000081f00000|  0%| F|  |TAMS 0x0000000081e00000, 0x0000000081e00000| Untracked 
|  31|0x0000000081f00000, 0x0000000081f00000, 0x0000000082000000|  0%| F|  |TAMS 0x0000000081f00000, 0x0000000081f00000| Untracked 
|  32|0x0000000082000000, 0x0000000082000000, 0x0000000082100000|  0%| F|  |TAMS 0x0000000082000000, 0x0000000082000000| Untracked 
|  33|0x0000000082100000, 0x0000000082100000, 0x0000000082200000|  0%| F|  |TAMS 0x0000000082100000, 0x0000000082100000| Untracked 
|  34|0x0000000082200000, 0x0000000082200000, 0x0000000082300000|  0%| F|  |TAMS 0x0000000082200000, 0x0000000082200000| Untracked 
|  35|0x0000000082300000, 0x0000000082300000, 0x0000000082400000|  0%| F|  |TAMS 0x0000000082300000, 0x0000000082300000| Untracked 
|  36|0x0000000082400000, 0x0000000082400000, 0x0000000082500000|  0%| F|  |TAMS 0x0000000082400000, 0x0000000082400000| Untracked 
|  37|0x0000000082500000, 0x0000000082500000, 0x0000000082600000|  0%| F|  |TAMS 0x0000000082500000, 0x0000000082500000| Untracked 
|  38|0x0000000082600000, 0x0000000082600000, 0x0000000082700000|  0%| F|  |TAMS 0x0000000082600000, 0x0000000082600000| Untracked 
|  39|0x0000000082700000, 0x0000000082700000, 0x0000000082800000|  0%| F|  |TAMS 0x0000000082700000, 0x0000000082700000| Untracked 
|  40|0x0000000082800000, 0x0000000082800000, 0x0000000082900000|  0%| F|  |TAMS 0x0000000082800000, 0x0000000082800000| Untracked 
|  41|0x0000000082900000, 0x0000000082900000, 0x0000000082a00000|  0%| F|  |TAMS 0x0000000082900000, 0x0000000082900000| Untracked 
|  42|0x0000000082a00000, 0x0000000082a00000, 0x0000000082b00000|  0%| F|  |TAMS 0x0000000082a00000, 0x0000000082a00000| Untracked 
|  43|0x0000000082b00000, 0x0000000082b00000, 0x0000000082c00000|  0%| F|  |TAMS 0x0000000082b00000, 0x0000000082b00000| Untracked 
|  44|0x0000000082c00000, 0x0000000082c00000, 0x0000000082d00000|  0%| F|  |TAMS 0x0000000082c00000, 0x0000000082c00000| Untracked 
|  45|0x0000000082d00000, 0x0000000082d00000, 0x0000000082e00000|  0%| F|  |TAMS 0x0000000082d00000, 0x0000000082d00000| Untracked 
|  46|0x0000000082e00000, 0x0000000082e00000, 0x0000000082f00000|  0%| F|  |TAMS 0x0000000082e00000, 0x0000000082e00000| Untracked 
|  47|0x0000000082f00000, 0x0000000082f00000, 0x0000000083000000|  0%| F|  |TAMS 0x0000000082f00000, 0x0000000082f00000| Untracked 
|  48|0x0000000083000000, 0x0000000083000000, 0x0000000083100000|  0%| F|  |TAMS 0x0000000083000000, 0x0000000083000000| Untracked 
|  49|0x0000000083100000, 0x0000000083100000, 0x0000000083200000|  0%| F|  |TAMS 0x0000000083100000, 0x0000000083100000| Untracked 
|  50|0x0000000083200000, 0x0000000083200000, 0x0000000083300000|  0%| F|  |TAMS 0x0000000083200000, 0x0000000083200000| Untracked 
|  51|0x0000000083300000, 0x0000000083300000, 0x0000000083400000|  0%| F|  |TAMS 0x0000000083300000, 0x0000000083300000| Untracked 
|  52|0x0000000083400000, 0x0000000083400000, 0x0000000083500000|  0%| F|  |TAMS 0x0000000083400000, 0x0000000083400000| Untracked 
|  53|0x0000000083500000, 0x0000000083500000, 0x0000000083600000|  0%| F|  |TAMS 0x0000000083500000, 0x0000000083500000| Untracked 
|  54|0x0000000083600000, 0x0000000083600000, 0x0000000083700000|  0%| F|  |TAMS 0x0000000083600000, 0x0000000083600000| Untracked 
|  55|0x0000000083700000, 0x0000000083700000, 0x0000000083800000|  0%| F|  |TAMS 0x0000000083700000, 0x0000000083700000| Untracked 
|  56|0x0000000083800000, 0x0000000083800000, 0x0000000083900000|  0%| F|  |TAMS 0x0000000083800000, 0x0000000083800000| Untracked 
|  57|0x0000000083900000, 0x0000000083900000, 0x0000000083a00000|  0%| F|  |TAMS 0x0000000083900000, 0x0000000083900000| Untracked 
|  58|0x0000000083a00000, 0x0000000083a00000, 0x0000000083b00000|  0%| F|  |TAMS 0x0000000083a00000, 0x0000000083a00000| Untracked 
|  59|0x0000000083b00000, 0x0000000083b00000, 0x0000000083c00000|  0%| F|  |TAMS 0x0000000083b00000, 0x0000000083b00000| Untracked 
|  60|0x0000000083c00000, 0x0000000083c00000, 0x0000000083d00000|  0%| F|  |TAMS 0x0000000083c00000, 0x0000000083c00000| Untracked 
|  61|0x0000000083d00000, 0x0000000083d00000, 0x0000000083e00000|  0%| F|  |TAMS 0x0000000083d00000, 0x0000000083d00000| Untracked 
|  62|0x0000000083e00000, 0x0000000083e00000, 0x0000000083f00000|  0%| F|  |TAMS 0x0000000083e00000, 0x0000000083e00000| Untracked 
|  63|0x0000000083f00000, 0x0000000083f00000, 0x0000000084000000|  0%| F|  |TAMS 0x0000000083f00000, 0x0000000083f00000| Untracked 
|  64|0x0000000084000000, 0x0000000084000000, 0x0000000084100000|  0%| F|  |TAMS 0x0000000084000000, 0x0000000084000000| Untracked 
|  65|0x0000000084100000, 0x0000000084100000, 0x0000000084200000|  0%| F|  |TAMS 0x0000000084100000, 0x0000000084100000| Untracked 
|  66|0x0000000084200000, 0x0000000084200000, 0x0000000084300000|  0%| F|  |TAMS 0x0000000084200000, 0x0000000084200000| Untracked 
|  67|0x0000000084300000, 0x0000000084300000, 0x0000000084400000|  0%| F|  |TAMS 0x0000000084300000, 0x0000000084300000| Untracked 
|  68|0x0000000084400000, 0x0000000084400000, 0x0000000084500000|  0%| F|  |TAMS 0x0000000084400000, 0x0000000084400000| Untracked 
|  69|0x0000000084500000, 0x0000000084500000, 0x0000000084600000|  0%| F|  |TAMS 0x0000000084500000, 0x0000000084500000| Untracked 
|  70|0x0000000084600000, 0x0000000084600000, 0x0000000084700000|  0%| F|  |TAMS 0x0000000084600000, 0x0000000084600000| Untracked 
|  71|0x0000000084700000, 0x0000000084700000, 0x0000000084800000|  0%| F|  |TAMS 0x0000000084700000, 0x0000000084700000| Untracked 
|  72|0x0000000084800000, 0x0000000084800000, 0x0000000084900000|  0%| F|  |TAMS 0x0000000084800000, 0x0000000084800000| Untracked 
|  73|0x0000000084900000, 0x0000000084900000, 0x0000000084a00000|  0%| F|  |TAMS 0x0000000084900000, 0x0000000084900000| Untracked 
|  74|0x0000000084a00000, 0x0000000084a00000, 0x0000000084b00000|  0%| F|  |TAMS 0x0000000084a00000, 0x0000000084a00000| Untracked 
|  75|0x0000000084b00000, 0x0000000084b00000, 0x0000000084c00000|  0%| F|  |TAMS 0x0000000084b00000, 0x0000000084b00000| Untracked 
|  76|0x0000000084c00000, 0x0000000084cafc48, 0x0000000084d00000| 68%| S|CS|TAMS 0x0000000084c00000, 0x0000000084c00000| Complete 
|  77|0x0000000084d00000, 0x0000000084e00000, 0x0000000084e00000|100%| S|CS|TAMS 0x0000000084d00000, 0x0000000084d00000| Complete 
|  78|0x0000000084e00000, 0x0000000084f00000, 0x0000000084f00000|100%| S|CS|TAMS 0x0000000084e00000, 0x0000000084e00000| Complete 
|  79|0x0000000084f00000, 0x0000000085000000, 0x0000000085000000|100%| S|CS|TAMS 0x0000000084f00000, 0x0000000084f00000| Complete 
|  80|0x0000000085000000, 0x0000000085100000, 0x0000000085100000|100%| S|CS|TAMS 0x0000000085000000, 0x0000000085000000| Complete 
|  81|0x0000000085100000, 0x0000000085200000, 0x0000000085200000|100%| S|CS|TAMS 0x0000000085100000, 0x0000000085100000| Complete 
|  82|0x0000000085200000, 0x0000000085300000, 0x0000000085300000|100%| S|CS|TAMS 0x0000000085200000, 0x0000000085200000| Complete 
|  83|0x0000000085300000, 0x0000000085400000, 0x0000000085400000|100%| S|CS|TAMS 0x0000000085300000, 0x0000000085300000| Complete 
|  84|0x0000000085400000, 0x0000000085500000, 0x0000000085500000|100%| S|CS|TAMS 0x0000000085400000, 0x0000000085400000| Complete 
|  85|0x0000000085500000, 0x0000000085600000, 0x0000000085600000|100%| S|CS|TAMS 0x0000000085500000, 0x0000000085500000| Complete 
|  86|0x0000000085600000, 0x0000000085700000, 0x0000000085700000|100%| S|CS|TAMS 0x0000000085600000, 0x0000000085600000| Complete 
|  87|0x0000000085700000, 0x0000000085800000, 0x0000000085800000|100%| S|CS|TAMS 0x0000000085700000, 0x0000000085700000| Complete 
|  88|0x0000000085800000, 0x0000000085800000, 0x0000000085900000|  0%| F|  |TAMS 0x0000000085800000, 0x0000000085800000| Untracked 
|  89|0x0000000085900000, 0x0000000085900000, 0x0000000085a00000|  0%| F|  |TAMS 0x0000000085900000, 0x0000000085900000| Untracked 
|  90|0x0000000085a00000, 0x0000000085a00000, 0x0000000085b00000|  0%| F|  |TAMS 0x0000000085a00000, 0x0000000085a00000| Untracked 
|  91|0x0000000085b00000, 0x0000000085b00000, 0x0000000085c00000|  0%| F|  |TAMS 0x0000000085b00000, 0x0000000085b00000| Untracked 
|  92|0x0000000085c00000, 0x0000000085c00000, 0x0000000085d00000|  0%| F|  |TAMS 0x0000000085c00000, 0x0000000085c00000| Untracked 
|  93|0x0000000085d00000, 0x0000000085d00000, 0x0000000085e00000|  0%| F|  |TAMS 0x0000000085d00000, 0x0000000085d00000| Untracked 
|  94|0x0000000085e00000, 0x0000000085e00000, 0x0000000085f00000|  0%| F|  |TAMS 0x0000000085e00000, 0x0000000085e00000| Untracked 
|  95|0x0000000085f00000, 0x0000000085f00000, 0x0000000086000000|  0%| F|  |TAMS 0x0000000085f00000, 0x0000000085f00000| Untracked 
|  96|0x0000000086000000, 0x0000000086000000, 0x0000000086100000|  0%| F|  |TAMS 0x0000000086000000, 0x0000000086000000| Untracked 
|  97|0x0000000086100000, 0x0000000086100000, 0x0000000086200000|  0%| F|  |TAMS 0x0000000086100000, 0x0000000086100000| Untracked 
|  98|0x0000000086200000, 0x0000000086200000, 0x0000000086300000|  0%| F|  |TAMS 0x0000000086200000, 0x0000000086200000| Untracked 
|  99|0x0000000086300000, 0x0000000086300000, 0x0000000086400000|  0%| F|  |TAMS 0x0000000086300000, 0x0000000086300000| Untracked 
| 100|0x0000000086400000, 0x0000000086400000, 0x0000000086500000|  0%| F|  |TAMS 0x0000000086400000, 0x0000000086400000| Untracked 
| 101|0x0000000086500000, 0x0000000086500000, 0x0000000086600000|  0%| F|  |TAMS 0x0000000086500000, 0x0000000086500000| Untracked 
| 102|0x0000000086600000, 0x0000000086600000, 0x0000000086700000|  0%| F|  |TAMS 0x0000000086600000, 0x0000000086600000| Untracked 
| 103|0x0000000086700000, 0x0000000086700000, 0x0000000086800000|  0%| F|  |TAMS 0x0000000086700000, 0x0000000086700000| Untracked 
| 104|0x0000000086800000, 0x0000000086800000, 0x0000000086900000|  0%| F|  |TAMS 0x0000000086800000, 0x0000000086800000| Untracked 
| 105|0x0000000086900000, 0x0000000086900000, 0x0000000086a00000|  0%| F|  |TAMS 0x0000000086900000, 0x0000000086900000| Untracked 
| 106|0x0000000086a00000, 0x0000000086a00000, 0x0000000086b00000|  0%| F|  |TAMS 0x0000000086a00000, 0x0000000086a00000| Untracked 
| 107|0x0000000086b00000, 0x0000000086b00000, 0x0000000086c00000|  0%| F|  |TAMS 0x0000000086b00000, 0x0000000086b00000| Untracked 
| 108|0x0000000086c00000, 0x0000000086c00000, 0x0000000086d00000|  0%| F|  |TAMS 0x0000000086c00000, 0x0000000086c00000| Untracked 
| 109|0x0000000086d00000, 0x0000000086d00000, 0x0000000086e00000|  0%| F|  |TAMS 0x0000000086d00000, 0x0000000086d00000| Untracked 
| 110|0x0000000086e00000, 0x0000000086e00000, 0x0000000086f00000|  0%| F|  |TAMS 0x0000000086e00000, 0x0000000086e00000| Untracked 
| 111|0x0000000086f00000, 0x0000000086f00000, 0x0000000087000000|  0%| F|  |TAMS 0x0000000086f00000, 0x0000000086f00000| Untracked 
| 112|0x0000000087000000, 0x0000000087000000, 0x0000000087100000|  0%| F|  |TAMS 0x0000000087000000, 0x0000000087000000| Untracked 
| 113|0x0000000087100000, 0x0000000087100000, 0x0000000087200000|  0%| F|  |TAMS 0x0000000087100000, 0x0000000087100000| Untracked 
| 114|0x0000000087200000, 0x0000000087200000, 0x0000000087300000|  0%| F|  |TAMS 0x0000000087200000, 0x0000000087200000| Untracked 
| 115|0x0000000087300000, 0x0000000087300000, 0x0000000087400000|  0%| F|  |TAMS 0x0000000087300000, 0x0000000087300000| Untracked 
| 116|0x0000000087400000, 0x0000000087400000, 0x0000000087500000|  0%| F|  |TAMS 0x0000000087400000, 0x0000000087400000| Untracked 
| 117|0x0000000087500000, 0x0000000087500000, 0x0000000087600000|  0%| F|  |TAMS 0x0000000087500000, 0x0000000087500000| Untracked 
| 118|0x0000000087600000, 0x0000000087600000, 0x0000000087700000|  0%| F|  |TAMS 0x0000000087600000, 0x0000000087600000| Untracked 
| 119|0x0000000087700000, 0x0000000087700000, 0x0000000087800000|  0%| F|  |TAMS 0x0000000087700000, 0x0000000087700000| Untracked 
| 120|0x0000000087800000, 0x0000000087800000, 0x0000000087900000|  0%| F|  |TAMS 0x0000000087800000, 0x0000000087800000| Untracked 
| 121|0x0000000087900000, 0x0000000087900000, 0x0000000087a00000|  0%| F|  |TAMS 0x0000000087900000, 0x0000000087900000| Untracked 
| 122|0x0000000087a00000, 0x0000000087a00000, 0x0000000087b00000|  0%| F|  |TAMS 0x0000000087a00000, 0x0000000087a00000| Untracked 
| 123|0x0000000087b00000, 0x0000000087b00000, 0x0000000087c00000|  0%| F|  |TAMS 0x0000000087b00000, 0x0000000087b00000| Untracked 
| 124|0x0000000087c00000, 0x0000000087c00000, 0x0000000087d00000|  0%| F|  |TAMS 0x0000000087c00000, 0x0000000087c00000| Untracked 
| 125|0x0000000087d00000, 0x0000000087d00000, 0x0000000087e00000|  0%| F|  |TAMS 0x0000000087d00000, 0x0000000087d00000| Untracked 
| 126|0x0000000087e00000, 0x0000000087e00000, 0x0000000087f00000|  0%| F|  |TAMS 0x0000000087e00000, 0x0000000087e00000| Untracked 
| 127|0x0000000087f00000, 0x0000000087f00000, 0x0000000088000000|  0%| F|  |TAMS 0x0000000087f00000, 0x0000000087f00000| Untracked 
| 128|0x0000000088000000, 0x0000000088000000, 0x0000000088100000|  0%| F|  |TAMS 0x0000000088000000, 0x0000000088000000| Untracked 
| 129|0x0000000088100000, 0x0000000088100000, 0x0000000088200000|  0%| F|  |TAMS 0x0000000088100000, 0x0000000088100000| Untracked 
| 130|0x0000000088200000, 0x0000000088200000, 0x0000000088300000|  0%| F|  |TAMS 0x0000000088200000, 0x0000000088200000| Untracked 
| 131|0x0000000088300000, 0x0000000088300000, 0x0000000088400000|  0%| F|  |TAMS 0x0000000088300000, 0x0000000088300000| Untracked 
| 132|0x0000000088400000, 0x0000000088400000, 0x0000000088500000|  0%| F|  |TAMS 0x0000000088400000, 0x0000000088400000| Untracked 
| 133|0x0000000088500000, 0x0000000088500000, 0x0000000088600000|  0%| F|  |TAMS 0x0000000088500000, 0x0000000088500000| Untracked 
| 134|0x0000000088600000, 0x0000000088600000, 0x0000000088700000|  0%| F|  |TAMS 0x0000000088600000, 0x0000000088600000| Untracked 
| 135|0x0000000088700000, 0x0000000088700000, 0x0000000088800000|  0%| F|  |TAMS 0x0000000088700000, 0x0000000088700000| Untracked 
| 136|0x0000000088800000, 0x0000000088800000, 0x0000000088900000|  0%| F|  |TAMS 0x0000000088800000, 0x0000000088800000| Untracked 
| 137|0x0000000088900000, 0x0000000088900000, 0x0000000088a00000|  0%| F|  |TAMS 0x0000000088900000, 0x0000000088900000| Untracked 
| 138|0x0000000088a00000, 0x0000000088a00000, 0x0000000088b00000|  0%| F|  |TAMS 0x0000000088a00000, 0x0000000088a00000| Untracked 
| 139|0x0000000088b00000, 0x0000000088b00000, 0x0000000088c00000|  0%| F|  |TAMS 0x0000000088b00000, 0x0000000088b00000| Untracked 
| 140|0x0000000088c00000, 0x0000000088c00000, 0x0000000088d00000|  0%| F|  |TAMS 0x0000000088c00000, 0x0000000088c00000| Untracked 
| 141|0x0000000088d00000, 0x0000000088e00000, 0x0000000088e00000|100%| E|  |TAMS 0x0000000088d00000, 0x0000000088d00000| Complete 
| 142|0x0000000088e00000, 0x0000000088f00000, 0x0000000088f00000|100%| E|CS|TAMS 0x0000000088e00000, 0x0000000088e00000| Complete 
| 143|0x0000000088f00000, 0x0000000089000000, 0x0000000089000000|100%| E|CS|TAMS 0x0000000088f00000, 0x0000000088f00000| Complete 
| 144|0x0000000089000000, 0x0000000089100000, 0x0000000089100000|100%| E|CS|TAMS 0x0000000089000000, 0x0000000089000000| Complete 
| 145|0x0000000089100000, 0x0000000089200000, 0x0000000089200000|100%| E|CS|TAMS 0x0000000089100000, 0x0000000089100000| Complete 
| 146|0x0000000089200000, 0x0000000089300000, 0x0000000089300000|100%| E|CS|TAMS 0x0000000089200000, 0x0000000089200000| Complete 
| 147|0x0000000089300000, 0x0000000089400000, 0x0000000089400000|100%| E|CS|TAMS 0x0000000089300000, 0x0000000089300000| Complete 
| 148|0x0000000089400000, 0x0000000089500000, 0x0000000089500000|100%| E|CS|TAMS 0x0000000089400000, 0x0000000089400000| Complete 
| 149|0x0000000089500000, 0x0000000089600000, 0x0000000089600000|100%| E|CS|TAMS 0x0000000089500000, 0x0000000089500000| Complete 
| 150|0x0000000089600000, 0x0000000089700000, 0x0000000089700000|100%| E|CS|TAMS 0x0000000089600000, 0x0000000089600000| Complete 
| 151|0x0000000089700000, 0x0000000089800000, 0x0000000089800000|100%| E|CS|TAMS 0x0000000089700000, 0x0000000089700000| Complete 
| 152|0x0000000089800000, 0x0000000089900000, 0x0000000089900000|100%| E|CS|TAMS 0x0000000089800000, 0x0000000089800000| Complete 
| 153|0x0000000089900000, 0x0000000089a00000, 0x0000000089a00000|100%| E|CS|TAMS 0x0000000089900000, 0x0000000089900000| Complete 
| 154|0x0000000089a00000, 0x0000000089b00000, 0x0000000089b00000|100%| E|CS|TAMS 0x0000000089a00000, 0x0000000089a00000| Complete 
| 155|0x0000000089b00000, 0x0000000089c00000, 0x0000000089c00000|100%| E|CS|TAMS 0x0000000089b00000, 0x0000000089b00000| Complete 
| 156|0x0000000089c00000, 0x0000000089d00000, 0x0000000089d00000|100%| E|CS|TAMS 0x0000000089c00000, 0x0000000089c00000| Complete 
| 157|0x0000000089d00000, 0x0000000089e00000, 0x0000000089e00000|100%| E|CS|TAMS 0x0000000089d00000, 0x0000000089d00000| Complete 
| 158|0x0000000089e00000, 0x0000000089f00000, 0x0000000089f00000|100%| E|CS|TAMS 0x0000000089e00000, 0x0000000089e00000| Complete 
| 159|0x0000000089f00000, 0x000000008a000000, 0x000000008a000000|100%| E|CS|TAMS 0x0000000089f00000, 0x0000000089f00000| Complete 
| 160|0x000000008a000000, 0x000000008a100000, 0x000000008a100000|100%| E|CS|TAMS 0x000000008a000000, 0x000000008a000000| Complete 
| 161|0x000000008a100000, 0x000000008a200000, 0x000000008a200000|100%| E|CS|TAMS 0x000000008a100000, 0x000000008a100000| Complete 
| 162|0x000000008a200000, 0x000000008a300000, 0x000000008a300000|100%| E|CS|TAMS 0x000000008a200000, 0x000000008a200000| Complete 
| 163|0x000000008a300000, 0x000000008a400000, 0x000000008a400000|100%| E|CS|TAMS 0x000000008a300000, 0x000000008a300000| Complete 
| 164|0x000000008a400000, 0x000000008a500000, 0x000000008a500000|100%| E|CS|TAMS 0x000000008a400000, 0x000000008a400000| Complete 
| 165|0x000000008a500000, 0x000000008a600000, 0x000000008a600000|100%| E|CS|TAMS 0x000000008a500000, 0x000000008a500000| Complete 
| 166|0x000000008a600000, 0x000000008a700000, 0x000000008a700000|100%| E|CS|TAMS 0x000000008a600000, 0x000000008a600000| Complete 
| 167|0x000000008a700000, 0x000000008a800000, 0x000000008a800000|100%| E|CS|TAMS 0x000000008a700000, 0x000000008a700000| Complete 
| 168|0x000000008a800000, 0x000000008a900000, 0x000000008a900000|100%| E|CS|TAMS 0x000000008a800000, 0x000000008a800000| Complete 
| 169|0x000000008a900000, 0x000000008aa00000, 0x000000008aa00000|100%| E|CS|TAMS 0x000000008a900000, 0x000000008a900000| Complete 
| 170|0x000000008aa00000, 0x000000008ab00000, 0x000000008ab00000|100%| E|CS|TAMS 0x000000008aa00000, 0x000000008aa00000| Complete 
| 171|0x000000008ab00000, 0x000000008ac00000, 0x000000008ac00000|100%| E|CS|TAMS 0x000000008ab00000, 0x000000008ab00000| Complete 
| 172|0x000000008ac00000, 0x000000008ad00000, 0x000000008ad00000|100%| E|CS|TAMS 0x000000008ac00000, 0x000000008ac00000| Complete 
| 173|0x000000008ad00000, 0x000000008ae00000, 0x000000008ae00000|100%| E|CS|TAMS 0x000000008ad00000, 0x000000008ad00000| Complete 
| 174|0x000000008ae00000, 0x000000008af00000, 0x000000008af00000|100%| E|CS|TAMS 0x000000008ae00000, 0x000000008ae00000| Complete 
| 175|0x000000008af00000, 0x000000008b000000, 0x000000008b000000|100%| E|CS|TAMS 0x000000008af00000, 0x000000008af00000| Complete 
| 176|0x000000008b000000, 0x000000008b100000, 0x000000008b100000|100%| E|CS|TAMS 0x000000008b000000, 0x000000008b000000| Complete 
| 177|0x000000008b100000, 0x000000008b200000, 0x000000008b200000|100%| E|CS|TAMS 0x000000008b100000, 0x000000008b100000| Complete 
| 178|0x000000008b200000, 0x000000008b300000, 0x000000008b300000|100%| E|CS|TAMS 0x000000008b200000, 0x000000008b200000| Complete 
| 179|0x000000008b300000, 0x000000008b400000, 0x000000008b400000|100%| E|CS|TAMS 0x000000008b300000, 0x000000008b300000| Complete 
| 180|0x000000008b400000, 0x000000008b500000, 0x000000008b500000|100%| E|CS|TAMS 0x000000008b400000, 0x000000008b400000| Complete 
| 181|0x000000008b500000, 0x000000008b600000, 0x000000008b600000|100%| E|CS|TAMS 0x000000008b500000, 0x000000008b500000| Complete 
| 182|0x000000008b600000, 0x000000008b700000, 0x000000008b700000|100%| E|CS|TAMS 0x000000008b600000, 0x000000008b600000| Complete 
| 183|0x000000008b700000, 0x000000008b800000, 0x000000008b800000|100%| E|CS|TAMS 0x000000008b700000, 0x000000008b700000| Complete 
| 184|0x000000008b800000, 0x000000008b900000, 0x000000008b900000|100%| E|CS|TAMS 0x000000008b800000, 0x000000008b800000| Complete 
| 185|0x000000008b900000, 0x000000008ba00000, 0x000000008ba00000|100%| E|CS|TAMS 0x000000008b900000, 0x000000008b900000| Complete 
| 186|0x000000008ba00000, 0x000000008bb00000, 0x000000008bb00000|100%| E|CS|TAMS 0x000000008ba00000, 0x000000008ba00000| Complete 
| 187|0x000000008bb00000, 0x000000008bc00000, 0x000000008bc00000|100%| E|CS|TAMS 0x000000008bb00000, 0x000000008bb00000| Complete 
| 188|0x000000008bc00000, 0x000000008bd00000, 0x000000008bd00000|100%| E|CS|TAMS 0x000000008bc00000, 0x000000008bc00000| Complete 
| 189|0x000000008bd00000, 0x000000008be00000, 0x000000008be00000|100%| E|CS|TAMS 0x000000008bd00000, 0x000000008bd00000| Complete 

Card table byte_map: [0x000001835f6b0000,0x000001835fab0000] _byte_map_base: 0x000001835f2b0000

Marking Bits (Prev, Next): (CMBitMap*) 0x000001834bd7d8e8, (CMBitMap*) 0x000001834bd7d920
 Prev Bits: [0x000001835feb0000, 0x0000018361eb0000)
 Next Bits: [0x0000018361eb0000, 0x0000018363eb0000)

Polling page: 0x000001834a430000

Metaspace:

Usage:
  Non-class:     40.90 MB capacity,    40.18 MB ( 98%) used,   617.31 KB (  1%) free+waste,   119.44 KB ( <1%) overhead. 
      Class:      6.36 MB capacity,     5.97 MB ( 94%) used,   347.36 KB (  5%) free+waste,    57.50 KB ( <1%) overhead. 
       Both:     47.26 MB capacity,    46.15 MB ( 98%) used,   964.67 KB (  2%) free+waste,   176.94 KB ( <1%) overhead. 

Virtual space:
  Non-class space:       42.00 MB reserved,      41.00 MB ( 98%) committed 
      Class space:        1.00 GB reserved,       6.45 MB ( <1%) committed 
             Both:        1.04 GB reserved,      47.45 MB (  4%) committed 

Chunk freelists:
   Non-Class:  37.00 KB
       Class:  12.00 KB
        Both:  49.00 KB

MaxMetaspaceSize: 17179869184.00 GB
CompressedClassSpaceSize: 1.00 GB
Initial GC threshold: 20.80 MB
Current GC threshold: 58.88 MB
CDS: off

CodeHeap 'non-profiled nmethods': size=120000Kb used=2317Kb max_used=2317Kb free=117682Kb
 bounds [0x0000018357320000, 0x0000018357590000, 0x000001835e850000]
CodeHeap 'profiled nmethods': size=120000Kb used=8171Kb max_used=8171Kb free=111828Kb
 bounds [0x000001834fdf0000, 0x00000183505f0000, 0x0000018357320000]
CodeHeap 'non-nmethods': size=5760Kb used=2295Kb max_used=2337Kb free=3464Kb
 bounds [0x000001834f850000, 0x000001834fac0000, 0x000001834fdf0000]
 total_blobs=4712 nmethods=3925 adapters=698
 compilation: enabled
              stopped_count=0, restarted_count=0
 full_count=0

Compilation events (20 events):
Event: 3.405 Thread 0x0000018367233000 nmethod 3859 0x00000183505d1110 code [0x00000183505d12c0, 0x00000183505d1418]
Event: 3.405 Thread 0x0000018367233000 3861       3       java.util.Collections$1::next (25 bytes)
Event: 3.405 Thread 0x0000018367233000 nmethod 3861 0x00000183505d1510 code [0x00000183505d16e0, 0x00000183505d18e8]
Event: 3.405 Thread 0x0000018367233000 3862       1       org.gradle.api.internal.artifacts.ivyservice.resolveengine.graph.builder.DependencyState::getDependency (5 bytes)
Event: 3.406 Thread 0x0000018367233000 nmethod 3862 0x000001835755ee10 code [0x000001835755efc0, 0x000001835755f078]
Event: 3.406 Thread 0x0000018367233000 3860       3       java.net.URI::toString (16 bytes)
Event: 3.406 Thread 0x0000018367233000 nmethod 3860 0x00000183505d1a10 code [0x00000183505d1bc0, 0x00000183505d1d28]
Event: 3.406 Thread 0x0000018367233000 3856       3       java.lang.invoke.AbstractValidatingLambdaMetafactory::isAdaptableToAsReturn (36 bytes)
Event: 3.406 Thread 0x0000018367233000 nmethod 3856 0x00000183505d1e10 code [0x00000183505d2000, 0x00000183505d2488]
Event: 3.406 Thread 0x0000018367233000 3863       1       org.gradle.api.internal.artifacts.DefaultModuleIdentifier::hashCode (5 bytes)
Event: 3.406 Thread 0x0000018367233000 nmethod 3863 0x000001835755f110 code [0x000001835755f2c0, 0x000001835755f378]
Event: 3.406 Thread 0x0000018367233000 3864       3       java.lang.reflect.Executable::isSynthetic (8 bytes)
Event: 3.406 Thread 0x0000018367233000 nmethod 3864 0x00000183505d2610 code [0x00000183505d27e0, 0x00000183505d2a48]
Event: 3.406 Thread 0x0000018367233000 3865       3       java.lang.reflect.Modifier::isSynthetic (14 bytes)
Event: 3.406 Thread 0x0000018367233000 nmethod 3865 0x00000183505d2b10 code [0x00000183505d2cc0, 0x00000183505d2df8]
Event: 3.406 Thread 0x0000018367233000 3855       3       java.lang.invoke.LambdaForm$DMH/0x0000000100328040::invokeStatic (30 bytes)
Event: 3.406 Thread 0x0000018367233000 nmethod 3855 0x00000183505d2e90 code [0x00000183505d30a0, 0x00000183505d3708]
Event: 3.406 Thread 0x0000018367233000 3866       3       com.google.common.collect.SingletonImmutableList::<init> (13 bytes)
Event: 3.407 Thread 0x0000018367233000 nmethod 3866 0x00000183505d3890 code [0x00000183505d3a80, 0x00000183505d3ea8]
Event: 3.409 Thread 0x0000018367233000 3867       3       org.gradle.cache.internal.btree.BTreePersistentIndexedCache$IndexEntry::compareTo (9 bytes)

GC Heap History (10 events):
Event: 0.412 GC heap before
{Heap before GC invocations=0 (full 0):
 garbage-first heap   total 194560K, used 30720K [0x0000000080000000, 0x0000000100000000)
  region size 1024K, 24 young (24576K), 0 survivors (0K)
 Metaspace       used 9857K, capacity 10058K, committed 10112K, reserved 1058816K
  class space    used 1029K, capacity 1102K, committed 1152K, reserved 1048576K
}
Event: 0.417 GC heap after
{Heap after GC invocations=1 (full 0):
 garbage-first heap   total 194560K, used 9270K [0x0000000080000000, 0x0000000100000000)
  region size 1024K, 3 young (3072K), 3 survivors (3072K)
 Metaspace       used 9857K, capacity 10058K, committed 10112K, reserved 1058816K
  class space    used 1029K, capacity 1102K, committed 1152K, reserved 1048576K
}
Event: 1.507 GC heap before
{Heap before GC invocations=1 (full 0):
 garbage-first heap   total 194560K, used 112694K [0x0000000080000000, 0x0000000100000000)
  region size 1024K, 105 young (107520K), 3 survivors (3072K)
 Metaspace       used 20746K, capacity 21157K, committed 21296K, reserved 1069056K
  class space    used 2561K, capacity 2716K, committed 2816K, reserved 1048576K
}
Event: 1.512 GC heap after
{Heap after GC invocations=2 (full 0):
 garbage-first heap   total 194560K, used 16945K [0x0000000080000000, 0x0000000100000000)
  region size 1024K, 11 young (11264K), 11 survivors (11264K)
 Metaspace       used 20746K, capacity 21157K, committed 21296K, reserved 1069056K
  class space    used 2561K, capacity 2716K, committed 2816K, reserved 1048576K
}
Event: 1.964 GC heap before
{Heap before GC invocations=3 (full 0):
 garbage-first heap   total 194560K, used 86577K [0x0000000080000000, 0x0000000100000000)
  region size 1024K, 79 young (80896K), 11 survivors (11264K)
 Metaspace       used 27535K, capacity 28178K, committed 28544K, reserved 1073152K
  class space    used 3627K, capacity 3856K, committed 3968K, reserved 1048576K
}
Event: 1.970 GC heap after
{Heap after GC invocations=4 (full 0):
 garbage-first heap   total 194560K, used 19458K [0x0000000080000000, 0x0000000100000000)
  region size 1024K, 3 young (3072K), 3 survivors (3072K)
 Metaspace       used 27535K, capacity 28178K, committed 28544K, reserved 1073152K
  class space    used 3627K, capacity 3856K, committed 3968K, reserved 1048576K
}
Event: 2.371 GC heap before
{Heap before GC invocations=4 (full 0):
 garbage-first heap   total 194560K, used 64514K [0x0000000080000000, 0x0000000100000000)
  region size 1024K, 48 young (49152K), 3 survivors (3072K)
 Metaspace       used 35072K, capacity 35843K, committed 35920K, reserved 1081344K
  class space    used 4560K, capacity 4879K, committed 4944K, reserved 1048576K
}
Event: 2.380 GC heap after
{Heap after GC invocations=5 (full 0):
 garbage-first heap   total 194560K, used 22234K [0x0000000080000000, 0x0000000100000000)
  region size 1024K, 6 young (6144K), 6 survivors (6144K)
 Metaspace       used 35072K, capacity 35843K, committed 35920K, reserved 1081344K
  class space    used 4560K, capacity 4879K, committed 4944K, reserved 1048576K
}
Event: 3.125 GC heap before
{Heap before GC invocations=6 (full 0):
 garbage-first heap   total 194560K, used 123610K [0x0000000080000000, 0x0000000100000000)
  region size 1024K, 102 young (104448K), 6 survivors (6144K)
 Metaspace       used 43568K, capacity 44575K, committed 44624K, reserved 1087488K
  class space    used 5564K, capacity 5943K, committed 5968K, reserved 1048576K
}
Event: 3.132 GC heap after
{Heap after GC invocations=7 (full 0):
 garbage-first heap   total 194560K, used 28570K [0x0000000080000000, 0x0000000100000000)
  region size 1024K, 12 young (12288K), 12 survivors (12288K)
 Metaspace       used 43568K, capacity 44575K, committed 44624K, reserved 1087488K
  class space    used 5564K, capacity 5943K, committed 5968K, reserved 1048576K
}

Deoptimization events (20 events):
Event: 3.133 Thread 0x00000183685f9800 DEOPT PACKING pc=0x000001835744caa8 sp=0x00000070a3bf9e80
Event: 3.133 Thread 0x00000183685f9800 DEOPT UNPACKING pc=0x000001834f89a1af sp=0x00000070a3bf9e28 mode 2
Event: 3.176 Thread 0x00000183685f9800 Uncommon trap: trap_request=0xffffff4d fr.pc=0x00000183573aab7c relative=0x00000000000001dc
Event: 3.176 Thread 0x00000183685f9800 Uncommon trap: reason=unstable_if action=reinterpret pc=0x00000183573aab7c method=java.net.URI$Parser.scan(IILjava/lang/String;)I @ 26 c2
Event: 3.176 Thread 0x00000183685f9800 DEOPT PACKING pc=0x00000183573aab7c sp=0x00000070a3bf9360
Event: 3.176 Thread 0x00000183685f9800 DEOPT UNPACKING pc=0x000001834f89a1af sp=0x00000070a3bf92e0 mode 2
Event: 3.176 Thread 0x00000183685f9800 Uncommon trap: trap_request=0xffffff4d fr.pc=0x000001835737b800 relative=0x0000000000000260
Event: 3.176 Thread 0x00000183685f9800 Uncommon trap: reason=unstable_if action=reinterpret pc=0x000001835737b800 method=java.net.URI.match(CJJ)Z @ 45 c2
Event: 3.176 Thread 0x00000183685f9800 DEOPT PACKING pc=0x000001835737b800 sp=0x00000070a3bf90d0
Event: 3.176 Thread 0x00000183685f9800 DEOPT UNPACKING pc=0x000001834f89a1af sp=0x00000070a3bf8ff8 mode 2
Event: 3.176 Thread 0x00000183685f9800 Uncommon trap: trap_request=0xffffff4d fr.pc=0x00000183573427e8 relative=0x0000000000000048
Event: 3.176 Thread 0x00000183685f9800 Uncommon trap: reason=unstable_if action=reinterpret pc=0x00000183573427e8 method=java.net.URI.match(CJJ)Z @ 19 c2
Event: 3.176 Thread 0x00000183685f9800 DEOPT PACKING pc=0x00000183573427e8 sp=0x00000070a3bf90d0
Event: 3.176 Thread 0x00000183685f9800 DEOPT UNPACKING pc=0x000001834f89a1af sp=0x00000070a3bf9080 mode 2
Event: 3.340 Thread 0x00000183685f9800 Uncommon trap: trap_request=0xffffff4d fr.pc=0x00000183573a36bc relative=0x00000000000001fc
Event: 3.340 Thread 0x00000183685f9800 Uncommon trap: reason=unstable_if action=reinterpret pc=0x00000183573a36bc method=java.net.URI$Parser.scan(IILjava/lang/String;)I @ 26 c2
Event: 3.340 Thread 0x00000183685f9800 DEOPT PACKING pc=0x00000183573a36bc sp=0x00000070a3bf8e10
Event: 3.340 Thread 0x00000183685f9800 DEOPT UNPACKING pc=0x000001834f89a1af sp=0x00000070a3bf8db0 mode 2
Event: 3.388 Thread 0x00000183685f9800 DEOPT PACKING pc=0x00000183504e1274 sp=0x00000070a3bf8230
Event: 3.388 Thread 0x00000183685f9800 DEOPT UNPACKING pc=0x000001834f89a95e sp=0x00000070a3bf77d0 mode 0

Classes redefined (0 events):
No events

Internal exceptions (20 events):
Event: 3.030 Thread 0x00000183685f9800 Implicit null exception at 0x0000018357421df4 to 0x0000018357422004
Event: 3.114 Thread 0x00000183685f9800 Exception <a 'java/lang/ClassNotFoundException'{0x0000000085926490}: build_7st0o85j9lvc2fh2dt5sdlseoBeanInfo> (0x0000000085926490) thrown at [./src/hotspot/share/classfile/systemDictionary.cpp, line 231]
Event: 3.114 Thread 0x00000183685f9800 Exception <a 'java/lang/ClassNotFoundException'{0x000000008593d428}: org/gradle/api/internal/project/ProjectScriptBeanInfo> (0x000000008593d428) thrown at [./src/hotspot/share/classfile/systemDictionary.cpp, line 231]
Event: 3.115 Thread 0x00000183685f9800 Exception <a 'java/lang/ClassNotFoundException'{0x00000000859542e8}: org/gradle/api/internal/project/ProjectScriptCustomizer> (0x00000000859542e8) thrown at [./src/hotspot/share/classfile/systemDictionary.cpp, line 231]
Event: 3.115 Thread 0x00000183685f9800 Exception <a 'java/lang/ClassNotFoundException'{0x000000008596f568}: build_7st0o85j9lvc2fh2dt5sdlseoCustomizer> (0x000000008596f568) thrown at [./src/hotspot/share/classfile/systemDictionary.cpp, line 231]
Event: 3.120 Thread 0x00000183685f9800 Exception <a 'java/lang/ClassNotFoundException'{0x0000000085802f50}: org/gradle/plugin/use/internal/PluginRequestCollector$PluginDependenciesSpecImplBeanInfo> (0x0000000085802f50) thrown at [./src/hotspot/share/classfile/systemDictionary.cpp, line 231]
Event: 3.120 Thread 0x00000183685f9800 Exception <a 'java/lang/ClassNotFoundException'{0x0000000085831ed0}: org/gradle/plugin/use/internal/PluginRequestCollector$PluginDependenciesSpecImplCustomizer> (0x0000000085831ed0) thrown at [./src/hotspot/share/classfile/systemDictionary.cpp, line 231]
Event: 3.122 Thread 0x00000183685f9800 Exception <a 'java/lang/ClassNotFoundException'{0x0000000085899fb8}: org/gradle/plugin/use/internal/PluginRequestCollector$PluginDependencySpecImplBeanInfo> (0x0000000085899fb8) thrown at [./src/hotspot/share/classfile/systemDictionary.cpp, line 231]
Event: 3.123 Thread 0x00000183685f9800 Exception <a 'java/lang/ClassNotFoundException'{0x00000000858c8118}: org/gradle/plugin/use/internal/PluginRequestCollector$PluginDependencySpecImplCustomizer> (0x00000000858c8118) thrown at [./src/hotspot/share/classfile/systemDictionary.cpp, line 231]
Event: 3.263 Thread 0x00000183685f9800 Exception <a 'java/lang/NoSuchMethodError'{0x000000008a49fe00}: 'int java.lang.invoke.DirectMethodHandle$Holder.invokeInterface(java.lang.Object, java.lang.Object)'> (0x000000008a49fe00) thrown at [./src/hotspot/share/interpreter/linkResolver.cpp, line 773]
Event: 3.263 Thread 0x00000183685f9800 Exception <a 'java/lang/IncompatibleClassChangeError'{0x000000008a4a38e0}: Found class java.lang.Object, but interface was expected> (0x000000008a4a38e0) thrown at [./src/hotspot/share/interpreter/linkResolver.cpp, line 839]
Event: 3.312 Thread 0x00000183685f9800 Exception <a 'java/lang/NoSuchMethodError'{0x0000000089b2f878}: 'int java.lang.invoke.DirectMethodHandle$Holder.invokeStaticInit(java.lang.Object)'> (0x0000000089b2f878) thrown at [./src/hotspot/share/interpreter/linkResolver.cpp, line 773]
Event: 3.330 Thread 0x00000183685f9800 Exception <a 'java/lang/NoSuchMethodError'{0x0000000089844e48}: 'void java.lang.invoke.DirectMethodHandle$Holder.invokeStatic(java.lang.Object, java.lang.Object, java.lang.Object, int, java.lang.Object)'> (0x0000000089844e48) thrown at [./src/hotspot/share/interpreter/linkResolver.cpp, line 773]
Event: 3.376 Thread 0x00000183685f9800 Exception <a 'java/lang/NoSuchMethodError'{0x00000000892e7330}: 'java.lang.Object java.lang.invoke.DelegatingMethodHandle$Holder.reinvoke_L(java.lang.Object, java.lang.Object, java.lang.Object, java.lang.Object, java.lang.Object, java.lang.Object, java.lang.Object, java.lang.Object, java.lang.Object, java.lang.Object, java.lang.Object, java.lang.Object, java.lang.Object, java.lang.Object, java.lang.Object, java.lang.Object, java.lang.Object, java.lang.Object, java.lang.Object, java.lang.Object)'> (0x000000
Event: 3.377 Thread 0x00000183685f9800 Exception <a 'java/lang/NoSuchMethodError'{0x00000000892f2dd0}: 'java.lang.Object java.lang.invoke.DirectMethodHandle$Holder.invokeSpecial(java.lang.Object, java.lang.Object, java.lang.Object, java.lang.Object, java.lang.Object, java.lang.Object, java.lang.Object, java.lang.Object, java.lang.Object, java.lang.Object, java.lang.Object, java.lang.Object, java.lang.Object, java.lang.Object, java.lang.Object, java.lang.Object, java.lang.Object, java.lang.Object, java.lang.Object, java.lang.Object)'> (0x0000000
Event: 3.377 Thread 0x00000183685f9800 Exception <a 'java/lang/NoSuchMethodError'{0x00000000892f8d10}: 'java.lang.Object java.lang.invoke.Invokers$Holder.invoker(java.lang.Object, java.lang.Object, java.lang.Object, java.lang.Object, java.lang.Object, java.lang.Object, java.lang.Object, java.lang.Object, java.lang.Object, java.lang.Object, java.lang.Object, java.lang.Object, java.lang.Object, java.lang.Object, java.lang.Object, java.lang.Object, java.lang.Object, java.lang.Object, java.lang.Object, java.lang.Object)'> (0x00000000892f8d10) throw
Event: 3.377 Thread 0x00000183685f9800 Exception <a 'java/lang/NoSuchMethodError'{0x00000000891009c8}: 'java.lang.Object java.lang.invoke.DelegatingMethodHandle$Holder.delegate(java.lang.Object, java.lang.Object, java.lang.Object, java.lang.Object, java.lang.Object, java.lang.Object, java.lang.Object, java.lang.Object, java.lang.Object, java.lang.Object, java.lang.Object, java.lang.Object, java.lang.Object, java.lang.Object, java.lang.Object, java.lang.Object, java.lang.Object, java.lang.Object, java.lang.Object, java.lang.Object)'> (0x00000000
Event: 3.380 Thread 0x00000183685f9800 Exception <a 'java/lang/NoSuchMethodError'{0x0000000089148148}: 'java.lang.Object java.lang.invoke.DirectMethodHandle$Holder.invokeStatic(java.lang.Object, java.lang.Object, java.lang.Object, java.lang.Object, java.lang.Object, java.lang.Object, java.lang.Object, java.lang.Object, java.lang.Object, java.lang.Object, java.lang.Object, java.lang.Object, java.lang.Object, java.lang.Object, java.lang.Object)'> (0x0000000089148148) thrown at [./src/hotspot/share/interpreter/linkResolver.cpp, line 773]
Event: 3.381 Thread 0x00000183685f9800 Exception <a 'java/lang/NoSuchMethodError'{0x000000008915e5c0}: 'java.lang.Object java.lang.invoke.DirectMethodHandle$Holder.invokeStatic(java.lang.Object, java.lang.Object, java.lang.Object, java.lang.Object, java.lang.Object, java.lang.Object, java.lang.Object, java.lang.Object, java.lang.Object, java.lang.Object, java.lang.Object, java.lang.Object, java.lang.Object, java.lang.Object, java.lang.Object, java.lang.Object)'> (0x000000008915e5c0) thrown at [./src/hotspot/share/interpreter/linkResolver.cpp, l
Event: 3.381 Thread 0x00000183685f9800 Exception <a 'java/lang/NoSuchMethodError'{0x000000008916e7f0}: 'java.lang.Object java.lang.invoke.DelegatingMethodHandle$Holder.reinvoke_L(java.lang.Object, java.lang.Object, java.lang.Object, java.lang.Object, java.lang.Object, java.lang.Object, java.lang.Object, java.lang.Object, java.lang.Object, java.lang.Object, java.lang.Object, java.lang.Object, java.lang.Object, java.lang.Object, java.lang.Object, java.lang.Object, java.lang.Object, java.lang.Object, java.lang.Object)'> (0x000000008916e7f0) thrown

Events (20 events):
Event: 3.402 loading class org/gradle/api/internal/file/AbstractFileCollection$2
Event: 3.402 loading class org/gradle/api/internal/file/AbstractFileCollection$2 done
Event: 3.402 loading class org/gradle/api/internal/artifacts/ivyservice/ResolvedFileCollectionVisitor
Event: 3.402 loading class org/gradle/api/internal/artifacts/ivyservice/ResolvedFileCollectionVisitor done
Event: 3.403 loading class org/gradle/api/internal/artifacts/ivyservice/ResolvedFilesCollectingVisitor
Event: 3.403 loading class org/gradle/api/internal/artifacts/ivyservice/ResolvedFilesCollectingVisitor done
Event: 3.405 loading class org/gradle/internal/component/model/DefaultCompatibilityCheckResult
Event: 3.405 loading class org/gradle/internal/component/model/DefaultCompatibilityCheckResult done
Event: 3.406 loading class org/gradle/internal/component/model/MultipleCandidateMatcher$MatchResult
Event: 3.406 loading class org/gradle/internal/component/model/MultipleCandidateMatcher$MatchResult done
Event: 3.407 loading class org/gradle/api/internal/artifacts/ivyservice/resolveengine/excludes/specs/ExcludeSpec
Event: 3.407 loading class org/gradle/api/internal/artifacts/ivyservice/resolveengine/excludes/specs/ExcludeSpec done
Event: 3.407 loading class org/gradle/api/internal/artifacts/ivyservice/resolveengine/excludes/specs/ExcludeSpec
Event: 3.407 loading class org/gradle/api/internal/artifacts/ivyservice/resolveengine/excludes/specs/ExcludeSpec done
Event: 3.407 loading class org/gradle/api/internal/artifacts/ivyservice/resolveengine/excludes/factories/OptimizingExcludeFactory
Event: 3.407 loading class org/gradle/api/internal/artifacts/ivyservice/resolveengine/excludes/factories/OptimizingExcludeFactory done
Event: 3.407 loading class org/gradle/api/internal/artifacts/ivyservice/resolveengine/excludes/factories/Optimizations
Event: 3.407 loading class org/gradle/api/internal/artifacts/ivyservice/resolveengine/excludes/factories/Optimizations done
Event: 3.407 loading class org/gradle/internal/component/external/model/ConfigurationBoundExternalDependencyMetadata
Event: 3.407 loading class org/gradle/internal/component/external/model/ConfigurationBoundExternalDependencyMetadata done


Dynamic libraries:
0x00007ff6230e0000 - 0x00007ff6230ea000 	C:\Program Files\Android\Android Studio\jre\bin\java.exe
0x00007ffe1b2d0000 - 0x00007ffe1b4c5000 	C:\Windows\SYSTEM32\ntdll.dll
0x00007ffe1a110000 - 0x00007ffe1a1ce000 	C:\Windows\System32\KERNEL32.DLL
0x00007ffe18be0000 - 0x00007ffe18ea8000 	C:\Windows\System32\KERNELBASE.dll
0x00007ffe18ae0000 - 0x00007ffe18be0000 	C:\Windows\System32\ucrtbase.dll
0x00007ffdd85c0000 - 0x00007ffdd85d9000 	C:\Program Files\Android\Android Studio\jre\bin\jli.dll
0x00007ffdd8470000 - 0x00007ffdd8487000 	C:\Program Files\Android\Android Studio\jre\bin\VCRUNTIME140.dll
0x00007ffe1b0e0000 - 0x00007ffe1b281000 	C:\Windows\System32\USER32.dll
0x00007ffe05bb0000 - 0x00007ffe05e4a000 	C:\Windows\WinSxS\amd64_microsoft.windows.common-controls_6595b64144ccf1df_6.0.19041.1110_none_60b5254171f9507e\COMCTL32.dll
0x00007ffe192e0000 - 0x00007ffe19302000 	C:\Windows\System32\win32u.dll
0x00007ffe1a5a0000 - 0x00007ffe1a63e000 	C:\Windows\System32\msvcrt.dll
0x00007ffe1a8d0000 - 0x00007ffe1a8fb000 	C:\Windows\System32\GDI32.dll
0x00007ffe191d0000 - 0x00007ffe192dd000 	C:\Windows\System32\gdi32full.dll
0x00007ffe189e0000 - 0x00007ffe18a7d000 	C:\Windows\System32\msvcp_win.dll
0x00007ffe1b020000 - 0x00007ffe1b050000 	C:\Windows\System32\IMM32.DLL
0x00007ffdbaf90000 - 0x00007ffdbb02d000 	C:\Program Files\Android\Android Studio\jre\bin\msvcp140.dll
0x00007ffdb95f0000 - 0x00007ffdba0d5000 	C:\Program Files\Android\Android Studio\jre\bin\server\jvm.dll
0x00007ffe1af10000 - 0x00007ffe1afbe000 	C:\Windows\System32\ADVAPI32.dll
0x00007ffe1a640000 - 0x00007ffe1a6dc000 	C:\Windows\System32\sechost.dll
0x00007ffe1a1d0000 - 0x00007ffe1a2f5000 	C:\Windows\System32\RPCRT4.dll
0x00007ffe19310000 - 0x00007ffe19318000 	C:\Windows\System32\PSAPI.DLL
0x00007ffe13530000 - 0x00007ffe13539000 	C:\Windows\SYSTEM32\WSOCK32.dll
0x00007ffe06050000 - 0x00007ffe06077000 	C:\Windows\SYSTEM32\WINMM.dll
0x00007ffe1a7a0000 - 0x00007ffe1a80b000 	C:\Windows\System32\WS2_32.dll
0x00007ffe11ff0000 - 0x00007ffe11ffa000 	C:\Windows\SYSTEM32\VERSION.dll
0x00007ffe168d0000 - 0x00007ffe168e2000 	C:\Windows\SYSTEM32\kernel.appcore.dll
0x00007ffe13370000 - 0x00007ffe13381000 	C:\Program Files\Android\Android Studio\jre\bin\verify.dll
0x00007ffdf7510000 - 0x00007ffdf76f4000 	C:\Windows\SYSTEM32\DBGHELP.DLL
0x00007ffdf74e0000 - 0x00007ffdf750c000 	C:\Windows\SYSTEM32\dbgcore.DLL
0x00007ffe190f0000 - 0x00007ffe19172000 	C:\Windows\System32\bcryptPrimitives.dll
0x00007ffe13340000 - 0x00007ffe13369000 	C:\Program Files\Android\Android Studio\jre\bin\java.dll
0x00007ffdf9ab0000 - 0x00007ffdf9abb000 	C:\Program Files\Android\Android Studio\jre\bin\jimage.dll
0x00007ffdf8ac0000 - 0x00007ffdf8ad8000 	C:\Program Files\Android\Android Studio\jre\bin\zip.dll
0x00007ffe195b0000 - 0x00007ffe19cf4000 	C:\Windows\System32\SHELL32.dll
0x00007ffe16ad0000 - 0x00007ffe17265000 	C:\Windows\SYSTEM32\windows.storage.dll
0x00007ffe19d00000 - 0x00007ffe1a055000 	C:\Windows\System32\combase.dll
0x00007ffe18430000 - 0x00007ffe1845e000 	C:\Windows\SYSTEM32\Wldp.dll
0x00007ffe1a6f0000 - 0x00007ffe1a79d000 	C:\Windows\System32\SHCORE.dll
0x00007ffe1afc0000 - 0x00007ffe1b015000 	C:\Windows\System32\shlwapi.dll
0x00007ffe18920000 - 0x00007ffe1893f000 	C:\Windows\SYSTEM32\profapi.dll
0x00007ffdf1290000 - 0x00007ffdf12aa000 	C:\Program Files\Android\Android Studio\jre\bin\net.dll
0x00007ffe0d070000 - 0x00007ffe0d17c000 	C:\Windows\SYSTEM32\WINHTTP.dll
0x00007ffe18190000 - 0x00007ffe181fa000 	C:\Windows\system32\mswsock.dll
0x00007ffdf1270000 - 0x00007ffdf1284000 	C:\Program Files\Android\Android Studio\jre\bin\nio.dll
0x00007ffdd86a0000 - 0x00007ffdd86c7000 	C:\Users\user\.gradle\native\e1d6ef7f7dcc3fd88c89a11ec53ec762bb8ba0a96d01ffa2cd45eb1d1d8dd5c5\windows-amd64\native-platform.dll
0x00007ffdb7700000 - 0x00007ffdb7844000 	C:\Users\user\.gradle\native\5664cfc778a61ccfe75a443a1ab52a65af34e5dc3c78e0209fed803814484fcb\windows-amd64\native-platform-file-events.dll
0x00007ffdf9960000 - 0x00007ffdf996a000 	C:\Program Files\Android\Android Studio\jre\bin\management.dll
0x00007ffdf9520000 - 0x00007ffdf952d000 	C:\Program Files\Android\Android Studio\jre\bin\management_ext.dll
0x00007ffe18380000 - 0x00007ffe18398000 	C:\Windows\SYSTEM32\CRYPTSP.dll
0x00007ffe17a40000 - 0x00007ffe17a74000 	C:\Windows\system32\rsaenh.dll
0x00007ffe18eb0000 - 0x00007ffe18ed7000 	C:\Windows\System32\bcrypt.dll
0x00007ffe188a0000 - 0x00007ffe188ce000 	C:\Windows\SYSTEM32\USERENV.dll
0x00007ffe183a0000 - 0x00007ffe183ac000 	C:\Windows\SYSTEM32\CRYPTBASE.dll
0x00007ffe17e10000 - 0x00007ffe17e4b000 	C:\Windows\SYSTEM32\IPHLPAPI.DLL
0x00007ffe1b050000 - 0x00007ffe1b058000 	C:\Windows\System32\NSI.dll
0x00007ffe0ff20000 - 0x00007ffe0ff37000 	C:\Windows\SYSTEM32\dhcpcsvc6.DLL
0x00007ffe10f80000 - 0x00007ffe10f9d000 	C:\Windows\SYSTEM32\dhcpcsvc.DLL
0x00007ffe17e50000 - 0x00007ffe17f1b000 	C:\Windows\SYSTEM32\DNSAPI.dll

dbghelp: loaded successfully - version: 4.0.5 - missing functions: none
symbol engine: initialized successfully - sym options: 0x614 - pdb path: .;C:\Program Files\Android\Android Studio\jre\bin;C:\Windows\SYSTEM32;C:\Windows\WinSxS\amd64_microsoft.windows.common-controls_6595b64144ccf1df_6.0.19041.1110_none_60b5254171f9507e;C:\Program Files\Android\Android Studio\jre\bin\server;C:\Users\user\.gradle\native\e1d6ef7f7dcc3fd88c89a11ec53ec762bb8ba0a96d01ffa2cd45eb1d1d8dd5c5\windows-amd64;C:\Users\user\.gradle\native\5664cfc778a61ccfe75a443a1ab52a65af34e5dc3c78e0209fed803814484fcb\windows-amd64

VM Arguments:
jvm_args: --add-opens=java.base/java.util=ALL-UNNAMED --add-opens=java.base/java.lang=ALL-UNNAMED --add-opens=java.base/java.lang.invoke=ALL-UNNAMED --add-opens=java.base/java.util=ALL-UNNAMED --add-opens=java.prefs/java.util.prefs=ALL-UNNAMED --add-opens=java.prefs/java.util.prefs=ALL-UNNAMED --add-opens=java.base/java.nio.charset=ALL-UNNAMED --add-opens=java.base/java.net=ALL-UNNAMED --add-opens=java.base/java.util.concurrent.atomic=ALL-UNNAMED -Xmx2048m -Dfile.encoding=UTF-8 -Duser.country=US -Duser.language=en -Duser.variant 
java_command: org.gradle.launcher.daemon.bootstrap.GradleDaemon 7.3.3
java_class_path (initial): C:\Users\user\.gradle\wrapper\dists\gradle-7.3.3-bin\6a41zxkdtcxs8rphpq6y0069z\gradle-7.3.3\lib\gradle-launcher-7.3.3.jar
Launcher Type: SUN_STANDARD

[Global flags]
     intx CICompilerCount                          = 4                                         {product} {ergonomic}
     uint ConcGCThreads                            = 2                                         {product} {ergonomic}
     uint G1ConcRefinementThreads                  = 8                                         {product} {ergonomic}
   size_t G1HeapRegionSize                         = 1048576                                   {product} {ergonomic}
    uintx GCDrainStackTargetSize                   = 64                                        {product} {ergonomic}
   size_t InitialHeapSize                          = 199229440                                 {product} {ergonomic}
   size_t MarkStackSize                            = 4194304                                   {product} {ergonomic}
   size_t MaxHeapSize                              = 2147483648                                {product} {command line}
   size_t MaxNewSize                               = 1287651328                                {product} {ergonomic}
   size_t MinHeapDeltaBytes                        = 1048576                                   {product} {ergonomic}
    uintx NonNMethodCodeHeapSize                   = 5836300                                {pd product} {ergonomic}
    uintx NonProfiledCodeHeapSize                  = 122910970                              {pd product} {ergonomic}
    uintx ProfiledCodeHeapSize                     = 122910970                              {pd product} {ergonomic}
    uintx ReservedCodeCacheSize                    = 251658240                              {pd product} {ergonomic}
     bool SegmentedCodeCache                       = true                                      {product} {ergonomic}
     bool UseCompressedClassPointers               = true                                 {lp64_product} {ergonomic}
     bool UseCompressedOops                        = true                                 {lp64_product} {ergonomic}
     bool UseG1GC                                  = true                                      {product} {ergonomic}
     bool UseLargePagesIndividualAllocation        = false                                  {pd product} {ergonomic}

Logging:
Log output configuration:
 #0: stdout all=warning uptime,level,tags
 #1: stderr all=off uptime,level,tags

Environment Variables:
PATH=C:\Program Files (x86)\Common Files\Oracle\Java\javapath;C:\Windows\system32;C:\Windows;C:\Windows\System32\Wbem;C:\Windows\System32\WindowsPowerShell\v1.0\;C:\Windows\System32\OpenSSH\;C:\Program Files (x86)\NVIDIA Corporation\PhysX\Common;C:\Program Files\Java\jdk1.8.0_351\bin;C:\ngrok;C:\Program Files\Git\cmd;C:\Users\user\AppData\Local\Microsoft\WindowsApps;
USERNAME=user
OS=Windows_NT
PROCESSOR_IDENTIFIER=Intel64 Family 6 Model 158 Stepping 10, GenuineIntel



---------------  S Y S T E M  ---------------

OS: Windows 10 , 64 bit Build 19041 (10.0.19041.1466)
OS uptime: 0 days 0:11 hours

CPU:total 8 (initial active 8) (4 cores per cpu, 2 threads per core) family 6 model 158 stepping 10 microcode 0xb4, cmov, cx8, fxsr, mmx, sse, sse2, sse3, ssse3, sse4.1, sse4.2, popcnt, avx, avx2, aes, clmul, erms, 3dnowpref, lzcnt, ht, tsc, tscinvbit, bmi1, bmi2, adx, fma

Memory: 4k page, system-wide physical 12128M (3661M free)
TotalPageFile size 18272M (AvailPageFile size 7926M)
current process WorkingSet (physical memory assigned to process): 312M, peak: 313M
current process commit charge ("private bytes"): 401M, peak: 402M

vm_info: OpenJDK 64-Bit Server VM (11.0.12+7-b1504.28-7817840) for windows-amd64 JRE (11.0.12+7-b1504.28-7817840), built on Oct 13 2021 22:12:33 by "builder" with MS VC++ 14.0 (VS2015)

END.
