#
# A fatal error has been detected by the Java Runtime Environment:
#
#  EXCEPTION_ACCESS_VIOLATION (0xc0000005) at pc=0x00007ffdb98d2269, pid=8000, tid=4372
#
# JRE version: OpenJDK Runtime Environment (11.0.12+7) (build 11.0.12+7-b1504.28-7817840)
# Java VM: OpenJDK 64-Bit Server VM (11.0.12+7-b1504.28-7817840, mixed mode, tiered, compressed oops, g1 gc, windows-amd64)
# Problematic frame:
# V  [jvm.dll+0x2e2269]
#
# No core dump will be written. Minidumps are not enabled by default on client versions of Windows
#
# If you would like to submit a bug report, please visit:
#   https://bugreport.java.com/bugreport/crash.jsp
#

---------------  S U M M A R Y ------------

Command Line: --add-opens=java.base/java.util=ALL-UNNAMED --add-opens=java.base/java.lang=ALL-UNNAMED --add-opens=java.base/java.lang.invoke=ALL-UNNAMED --add-opens=java.base/java.util=ALL-UNNAMED --add-opens=java.prefs/java.util.prefs=ALL-UNNAMED --add-opens=java.prefs/java.util.prefs=ALL-UNNAMED --add-opens=java.base/java.nio.charset=ALL-UNNAMED --add-opens=java.base/java.net=ALL-UNNAMED --add-opens=java.base/java.util.concurrent.atomic=ALL-UNNAMED -Xmx2048m -Dfile.encoding=UTF-8 -Duser.country=US -Duser.language=en -Duser.variant org.gradle.launcher.daemon.bootstrap.GradleDaemon 7.3.3

Host: Intel(R) Core(TM) i5-8300H CPU @ 2.30GHz, 8 cores, 11G,  Windows 10 , 64 bit Build 19041 (10.0.19041.1466)
Time: Wed Jan  4 14:05:07 2023 West Asia Standard Time elapsed time: 2.894648 seconds (0d 0h 0m 2s)

---------------  T H R E A D  ---------------

Current thread (0x0000026f50b3a000):  ConcurrentGCThread "G1 Conc#0" [stack: 0x0000008173300000,0x0000008173400000] [id=4372]

Stack: [0x0000008173300000,0x0000008173400000],  sp=0x00000081733ffa90,  free space=1022k
Native frames: (J=compiled Java code, j=interpreted, Vv=VM code, C=native code)
V  [jvm.dll+0x2e2269]
V  [jvm.dll+0x2e7729]
V  [jvm.dll+0x2ed721]
V  [jvm.dll+0x2eeabf]
V  [jvm.dll+0x757cd0]
V  [jvm.dll+0x6f26a5]
V  [jvm.dll+0x5fabf6]
C  [ucrtbase.dll+0x21bb2]
C  [KERNEL32.DLL+0x17034]
C  [ntdll.dll+0x52651]


siginfo: EXCEPTION_ACCESS_VIOLATION (0xc0000005), reading address 0x0000000000000160


Register to memory mapping:

RIP=0x00007ffdb98d2269 jvm.dll
RAX=0x0 is NULL
RBX=0x0000000000000002 is an unknown value
RCX=0x0000026f50b30390 points into unknown readable memory: 0x0000026f50b39000 | 00 90 b3 50 6f 02 00 00
RDX=0x0 is NULL
RSP=0x00000081733ffa90 points into unknown readable memory: 0x0000000080012748 | 48 27 01 80 00 00 00 00
RBP=0x0000026f50b30390 points into unknown readable memory: 0x0000026f50b39000 | 00 90 b3 50 6f 02 00 00
RSI=0x00000081733ffb20 points into unknown readable memory: 0x00007ffdb9e202b8 | b8 02 e2 b9 fd 7f 00 00
RDI=0x0000000086ae2cd8 is an oop: java.lang.ThreadLocal$ThreadLocalMap 
{0x0000000086ae2cd8} - klass: 'java/lang/ThreadLocal$ThreadLocalMap'
R8 =0x0 is NULL
R9 =0x0000000000000002 is an unknown value
R10=0x0000026f50b30390 points into unknown readable memory: 0x0000026f50b39000 | 00 90 b3 50 6f 02 00 00
R11=0x00000081733ffb68 points into unknown readable memory: 0x00007ffdb98deabf | bf ea 8d b9 fd 7f 00 00
R12=0x0 is NULL
R13=0x0 is NULL
R14=0x0 is NULL
R15=0x000000000000000c is an unknown value


Registers:
RAX=0x0000000000000000, RBX=0x0000000000000002, RCX=0x0000026f50b30390, RDX=0x0000000000000000
RSP=0x00000081733ffa90, RBP=0x0000026f50b30390, RSI=0x00000081733ffb20, RDI=0x0000000086ae2cd8
R8 =0x0000000000000000, R9 =0x0000000000000002, R10=0x0000026f50b30390, R11=0x00000081733ffb68
R12=0x0000000000000000, R13=0x0000000000000000, R14=0x0000000000000000, R15=0x000000000000000c
RIP=0x00007ffdb98d2269, EFLAGS=0x0000000000010206

Top of Stack: (sp=0x00000081733ffa90)
0x00000081733ffa90:   0000000080012748 00000081733ffb20
0x00000081733ffaa0:   000000010009e3a0 00007ffdb98d716b
0x00000081733ffab0:   00007ffdb9f972f0 00007ffdb98d7729
0x00000081733ffac0:   00000081733ffb20 00007ffdb98d731f
0x00000081733ffad0:   0000000086ae2cb8 0000000000000000
0x00000081733ffae0:   0000000000000000 00007ffdb9f972f0
0x00000081733ffaf0:   00000000000007d2 00007ffdb98dd721
0x00000081733ffb00:   0000000086b00000 0000000100014108
0x00000081733ffb10:   0000000086adee48 0000000086adee30
0x00000081733ffb20:   00007ffdb9e202b8 0000000000000000
0x00000081733ffb30:   0000026f50af9d10 0000026f50b30390
0x00000081733ffb40:   0000000000000000 0000000000000001
0x00000081733ffb50:   0000000000000000 00000081732ff800
0x00000081733ffb60:   0000000000000000 00007ffdb98deabf
0x00000081733ffb70:   0000026f50b30438 0000026f50af6420
0x00000081733ffb80:   0000026f50b3a000 00000000000001a0 

Instructions: (pc=0x00007ffdb98d2269)
0x00007ffdb98d2169:   00 00 00 00 48 8b fa 4c 8b ca 49 8b 42 08 8b 53
0x00007ffdb98d2179:   10 8b 88 c0 02 00 00 48 8b 80 b0 02 00 00 49 d3
0x00007ffdb98d2189:   e8 49 8b ca 4e 8b 04 c0 e8 ba 00 00 00 84 c0 75
0x00007ffdb98d2199:   0b 48 8b 5c 24 48 48 83 c4 30 5f c3 48 8b 43 20
0x00007ffdb98d21a9:   48 8b 88 d8 02 00 00 48 8b 83 98 00 00 00 48 85
0x00007ffdb98d21b9:   c0 74 0e 48 3b f8 72 0e 48 3b bb a0 00 00 00 72
0x00007ffdb98d21c9:   77 48 3b f9 73 72 80 3d 02 9f 72 00 00 74 15 8b
0x00007ffdb98d21d9:   47 08 8b 0d f7 0b 6e 00 48 d3 e0 48 03 05 e5 0b
0x00007ffdb98d21e9:   6e 00 eb 04 48 8b 47 08 81 78 08 00 00 00 c0 72
0x00007ffdb98d21f9:   35 48 8b 83 b0 00 00 00 48 39 83 a8 00 00 00 73
0x00007ffdb98d2209:   10 48 8b 83 c8 00 00 00 48 39 83 c0 00 00 00 72
0x00007ffdb98d2219:   27 48 8b cb e8 8e a3 00 00 b0 01 48 8b 5c 24 48
0x00007ffdb98d2229:   48 83 c4 30 5f c3 48 8d 54 24 40 48 89 7c 24 40
0x00007ffdb98d2239:   48 8b cb e8 2f 19 00 00 b0 01 48 8b 5c 24 48 48
0x00007ffdb98d2249:   83 c4 30 5f c3 cc cc 48 89 5c 24 18 48 89 6c 24
0x00007ffdb98d2259:   20 41 56 48 83 ec 20 49 8b d9 44 8b f2 48 8b e9
0x00007ffdb98d2269:   4d 3b 88 60 01 00 00 72 13 32 c0 48 8b 5c 24 40
0x00007ffdb98d2279:   48 8b 6c 24 48 48 83 c4 20 41 5e c3 48 8b 81 90
0x00007ffdb98d2289:   00 00 00 48 8b d3 48 89 74 24 30 48 2b 10 8b 48
0x00007ffdb98d2299:   10 48 c1 ea 03 48 d3 ea 48 8d 48 18 e8 f6 0b e3
0x00007ffdb98d22a9:   ff 0f b6 f0 84 c0 74 6f 48 89 7c 24 38 48 8b 7c
0x00007ffdb98d22b9:   24 50 48 85 ff 75 2d 40 38 3d 11 9e 72 00 74 15
0x00007ffdb98d22c9:   8b 53 08 8b 0d 06 0b 6e 00 48 d3 e2 48 03 15 f4
0x00007ffdb98d22d9:   0a 6e 00 eb 04 48 8b 53 08 48 8b cb e8 96 f7 ea
0x00007ffdb98d22e9:   ff 48 63 f8 48 8b 85 f0 02 00 00 8b 0d 1e a5 72
0x00007ffdb98d22f9:   00 4a 8b 14 f0 48 8b 42 18 48 8b 40 10 48 2b d8
0x00007ffdb98d2309:   48 d3 eb 48 8d 4a 38 8b d3 e8 b9 e4 ff ff 48 01
0x00007ffdb98d2319:   78 08 48 8b 7c 24 38 48 8b 5c 24 40 40 0f b6 c6
0x00007ffdb98d2329:   48 8b 74 24 30 48 8b 6c 24 48 48 83 c4 20 41 5e
0x00007ffdb98d2339:   c3 cc cc cc cc cc cc 4c 8b 81 b8 02 00 00 48 8b
0x00007ffdb98d2349:   81 a8 02 00 00 8b 91 c0 02 00 00 49 03 c0 8b ca
0x00007ffdb98d2359:   48 d3 e0 49 d3 e0 49 2b c0 48 83 e0 f8 c3 cc cc 


Stack slot to memory mapping:
stack at sp + 0 slots: 0x0000000080012748 is an oop: java.security.ProtectionDomain 
{0x0000000080012748} - klass: 'java/security/ProtectionDomain'
stack at sp + 1 slots: 0x00000081733ffb20 points into unknown readable memory: 0x00007ffdb9e202b8 | b8 02 e2 b9 fd 7f 00 00
stack at sp + 2 slots: 0x000000010009e3a0 is a pointer to class: 
java.util.concurrent.LinkedBlockingQueue$Node {0x000000010009e3a8}
stack at sp + 3 slots: 0x00007ffdb98d716b jvm.dll
stack at sp + 4 slots: 0x00007ffdb9f972f0 jvm.dll
stack at sp + 5 slots: 0x00007ffdb98d7729 jvm.dll
stack at sp + 6 slots: 0x00000081733ffb20 points into unknown readable memory: 0x00007ffdb9e202b8 | b8 02 e2 b9 fd 7f 00 00
stack at sp + 7 slots: 0x00007ffdb98d731f jvm.dll


---------------  P R O C E S S  ---------------

Threads class SMR info:
_java_thread_list=0x0000026f72996000, length=32, elements={
0x0000026f50aec800, 0x0000026f6b795000, 0x0000026f6b798000, 0x0000026f6bfbe800,
0x0000026f6bfc1000, 0x0000026f6bfc2000, 0x0000026f6bfc3000, 0x0000026f6c009800,
0x0000026f6c00e800, 0x0000026f6c1a9000, 0x0000026f6c4e2800, 0x0000026f6f070800,
0x0000026f6e422800, 0x0000026f6da07800, 0x0000026f6e197000, 0x0000026f6e397800,
0x0000026f6e5f3800, 0x0000026f6ea88000, 0x0000026f6e4b6000, 0x0000026f6ecf6800,
0x0000026f6e8fa800, 0x0000026f6e8fd000, 0x0000026f6e8fb000, 0x0000026f6e8fc000,
0x0000026f6f4ea000, 0x0000026f6e6f8800, 0x0000026f6f4ed800, 0x0000026f6f4ee000,
0x0000026f6f4ef000, 0x0000026f6f4f0000, 0x0000026f6f4ec000, 0x0000026f6f4f0800
}

Java Threads: ( => current thread )
  0x0000026f50aec800 JavaThread "main" [_thread_blocked, id=5300, stack(0x0000008173000000,0x0000008173100000)]
  0x0000026f6b795000 JavaThread "Reference Handler" daemon [_thread_blocked, id=520, stack(0x0000008173700000,0x0000008173800000)]
  0x0000026f6b798000 JavaThread "Finalizer" daemon [_thread_blocked, id=1620, stack(0x0000008173800000,0x0000008173900000)]
  0x0000026f6bfbe800 JavaThread "Signal Dispatcher" daemon [_thread_blocked, id=6220, stack(0x0000008173900000,0x0000008173a00000)]
  0x0000026f6bfc1000 JavaThread "Attach Listener" daemon [_thread_blocked, id=616, stack(0x0000008173a00000,0x0000008173b00000)]
  0x0000026f6bfc2000 JavaThread "Service Thread" daemon [_thread_blocked, id=3008, stack(0x0000008173b00000,0x0000008173c00000)]
  0x0000026f6bfc3000 JavaThread "C2 CompilerThread0" daemon [_thread_in_native, id=2652, stack(0x0000008173c00000,0x0000008173d00000)]
  0x0000026f6c009800 JavaThread "C1 CompilerThread0" daemon [_thread_in_vm, id=7088, stack(0x0000008173d00000,0x0000008173e00000)]
  0x0000026f6c00e800 JavaThread "Sweeper thread" daemon [_thread_blocked, id=8528, stack(0x0000008173e00000,0x0000008173f00000)]
  0x0000026f6c1a9000 JavaThread "Common-Cleaner" daemon [_thread_blocked, id=1860, stack(0x0000008173f00000,0x0000008174000000)]
  0x0000026f6c4e2800 JavaThread "C2 CompilerThread1" daemon [_thread_blocked, id=9548, stack(0x0000008174100000,0x0000008174200000)]
  0x0000026f6f070800 JavaThread "Daemon health stats" [_thread_blocked, id=7636, stack(0x0000008174600000,0x0000008174700000)]
  0x0000026f6e422800 JavaThread "Incoming local TCP Connector on port 49925" [_thread_in_native, id=7128, stack(0x0000008174500000,0x0000008174600000)]
  0x0000026f6da07800 JavaThread "Daemon periodic checks" [_thread_blocked, id=8364, stack(0x0000008174700000,0x0000008174800000)]
  0x0000026f6e197000 JavaThread "Daemon" [_thread_blocked, id=6948, stack(0x0000008174800000,0x0000008174900000)]
  0x0000026f6e397800 JavaThread "Handler for socket connection from /127.0.0.1:49925 to /127.0.0.1:49926" [_thread_in_native, id=3856, stack(0x0000008174900000,0x0000008174a00000)]
  0x0000026f6e5f3800 JavaThread "Cancel handler" [_thread_blocked, id=7532, stack(0x0000008174a00000,0x0000008174b00000)]
  0x0000026f6ea88000 JavaThread "Daemon worker" [_thread_in_Java, id=2424, stack(0x0000008174b00000,0x0000008174c00000)]
  0x0000026f6e4b6000 JavaThread "Asynchronous log dispatcher for DefaultDaemonConnection: socket connection from /127.0.0.1:49925 to /127.0.0.1:49926" [_thread_blocked, id=5784, stack(0x0000008174c00000,0x0000008174d00000)]
  0x0000026f6ecf6800 JavaThread "Stdin handler" [_thread_blocked, id=6968, stack(0x0000008174d00000,0x0000008174e00000)]
  0x0000026f6e8fa800 JavaThread "Daemon client event forwarder" [_thread_blocked, id=3404, stack(0x0000008174e00000,0x0000008174f00000)]
  0x0000026f6e8fd000 JavaThread "Cache worker for journal cache (C:\Users\user\.gradle\caches\journal-1)" [_thread_blocked, id=11168, stack(0x0000008174f00000,0x0000008175000000)]
  0x0000026f6e8fb000 JavaThread "File lock request listener" [_thread_in_native, id=3328, stack(0x0000008175000000,0x0000008175100000)]
  0x0000026f6e8fc000 JavaThread "Cache worker for file hash cache (C:\Users\user\.gradle\caches\7.3.3\fileHashes)" [_thread_blocked, id=5124, stack(0x0000008175100000,0x0000008175200000)]
  0x0000026f6f4ea000 JavaThread "Cache worker for file hash cache (C:\Users\user\AndroidStudioProjects\2048\.gradle\7.3.3\fileHashes)" [_thread_blocked, id=6512, stack(0x0000008175700000,0x0000008175800000)]
  0x0000026f6e6f8800 JavaThread "C2 CompilerThread2" daemon [_thread_blocked, id=6932, stack(0x0000008175800000,0x0000008175900000)]
  0x0000026f6f4ed800 JavaThread "File watcher server" daemon [_thread_in_native, id=1452, stack(0x0000008175900000,0x0000008175a00000)]
  0x0000026f6f4ee000 JavaThread "File watcher consumer" daemon [_thread_blocked, id=8540, stack(0x0000008175a00000,0x0000008175b00000)]
  0x0000026f6f4ef000 JavaThread "Cache worker for checksums cache (C:\Users\user\AndroidStudioProjects\2048\.gradle\7.3.3\checksums)" [_thread_blocked, id=11060, stack(0x0000008175b00000,0x0000008175c00000)]
  0x0000026f6f4f0000 JavaThread "Cache worker for cache directory md-supplier (C:\Users\user\.gradle\caches\7.3.3\md-supplier)" [_thread_blocked, id=712, stack(0x0000008175c00000,0x0000008175d00000)]
  0x0000026f6f4ec000 JavaThread "Cache worker for cache directory md-rule (C:\Users\user\.gradle\caches\7.3.3\md-rule)" [_thread_blocked, id=8992, stack(0x0000008175d00000,0x0000008175e00000)]
  0x0000026f6f4f0800 JavaThread "Cache worker for execution history cache (C:\Users\user\.gradle\caches\7.3.3\executionHistory)" [_thread_blocked, id=7080, stack(0x0000008175e00000,0x0000008175f00000)]

Other Threads:
  0x0000026f6b793000 VMThread "VM Thread" [stack: 0x0000008173600000,0x0000008173700000] [id=5748]
  0x0000026f6c1c4000 WatcherThread [stack: 0x0000008174000000,0x0000008174100000] [id=2496]
  0x0000026f50b04800 GCTaskThread "GC Thread#0" [stack: 0x0000008173100000,0x0000008173200000] [id=6960]
  0x0000026f6ce2a800 GCTaskThread "GC Thread#1" [stack: 0x0000008174200000,0x0000008174300000] [id=5196]
  0x0000026f6d346800 GCTaskThread "GC Thread#2" [stack: 0x0000008174300000,0x0000008174400000] [id=7580]
  0x0000026f6d313000 GCTaskThread "GC Thread#3" [stack: 0x0000008174400000,0x0000008174500000] [id=7612]
  0x0000026f6d193000 GCTaskThread "GC Thread#4" [stack: 0x0000008175200000,0x0000008175300000] [id=6428]
  0x0000026f6e37a000 GCTaskThread "GC Thread#5" [stack: 0x0000008175300000,0x0000008175400000] [id=7896]
  0x0000026f6d025000 GCTaskThread "GC Thread#6" [stack: 0x0000008175400000,0x0000008175500000] [id=1836]
  0x0000026f6d0ba800 GCTaskThread "GC Thread#7" [stack: 0x0000008175500000,0x0000008175600000] [id=1552]
  0x0000026f50b39000 ConcurrentGCThread "G1 Main Marker" [stack: 0x0000008173200000,0x0000008173300000] [id=1932]
=>0x0000026f50b3a000 ConcurrentGCThread "G1 Conc#0" [stack: 0x0000008173300000,0x0000008173400000] [id=4372]
  0x0000026f6d036800 ConcurrentGCThread "G1 Conc#1" [stack: 0x0000008175600000,0x0000008175700000] [id=6972]
  0x0000026f50bce000 ConcurrentGCThread "G1 Refine#0" [stack: 0x0000008173400000,0x0000008173500000] [id=7060]
  0x0000026f6b5de800 ConcurrentGCThread "G1 Young RemSet Sampling" [stack: 0x0000008173500000,0x0000008173600000] [id=3560]

Threads with active compile tasks:
C2 CompilerThread0   2953 2625       4       jdk.internal.loader.URLClassPath::getResource (74 bytes)
C1 CompilerThread0   2953 3027  s    3       jdk.internal.jimage.ImageReader$SharedImageReader::buildRootDirectory (71 bytes)
C2 CompilerThread2   2953 3031       4       java.lang.String::subSequence (7 bytes)

VM state:not at safepoint (normal execution)

VM Mutex/Monitor currently owned by a thread: None

Heap address: 0x0000000080000000, size: 2048 MB, Compressed Oops mode: 32-bit
Narrow klass base: 0x0000000000000000, Narrow klass shift: 3
Compressed class space size: 1073741824 Address: 0x0000000100000000

Heap:
 garbage-first heap   total 194560K, used 32503K [0x0000000080000000, 0x0000000100000000)
  region size 1024K, 18 young (18432K), 6 survivors (6144K)
 Metaspace       used 36977K, capacity 37862K, committed 38092K, reserved 1083392K
  class space    used 4764K, capacity 5083K, committed 5148K, reserved 1048576K
Heap Regions: E=young(eden), S=young(survivor), O=old, HS=humongous(starts), HC=humongous(continues), CS=collection set, F=free, A=archive, TAMS=top-at-mark-start (previous, next)
|   0|0x0000000080000000, 0x0000000080100000, 0x0000000080100000|100%| O|  |TAMS 0x0000000080000000, 0x0000000080100000| Untracked 
|   1|0x0000000080100000, 0x0000000080200000, 0x0000000080200000|100%| O|  |TAMS 0x0000000080100000, 0x0000000080200000| Untracked 
|   2|0x0000000080200000, 0x0000000080300000, 0x0000000080300000|100%| O|  |TAMS 0x0000000080200000, 0x0000000080300000| Untracked 
|   3|0x0000000080300000, 0x0000000080400000, 0x0000000080400000|100%|HS|  |TAMS 0x0000000080400000, 0x0000000080400000| Complete 
|   4|0x0000000080400000, 0x0000000080500000, 0x0000000080500000|100%|HC|  |TAMS 0x0000000080500000, 0x0000000080500000| Complete 
|   5|0x0000000080500000, 0x0000000080600000, 0x0000000080600000|100%|HC|  |TAMS 0x0000000080600000, 0x0000000080600000| Complete 
|   6|0x0000000080600000, 0x0000000080700000, 0x0000000080700000|100%| O|  |TAMS 0x0000000080700000, 0x0000000080700000| Untracked 
|   7|0x0000000080700000, 0x0000000080800000, 0x0000000080800000|100%| O|  |TAMS 0x0000000080800000, 0x0000000080800000| Untracked 
|   8|0x0000000080800000, 0x0000000080900000, 0x0000000080900000|100%| O|  |TAMS 0x00000000808f9400, 0x0000000080900000| Untracked 
|   9|0x0000000080900000, 0x0000000080a00000, 0x0000000080a00000|100%| O|  |TAMS 0x0000000080900000, 0x0000000080a00000| Untracked 
|  10|0x0000000080a00000, 0x0000000080b00000, 0x0000000080b00000|100%| O|  |TAMS 0x0000000080a00000, 0x0000000080b00000| Untracked 
|  11|0x0000000080b00000, 0x0000000080c00000, 0x0000000080c00000|100%| O|  |TAMS 0x0000000080b00000, 0x0000000080c00000| Untracked 
|  12|0x0000000080c00000, 0x0000000080d00000, 0x0000000080d00000|100%| O|  |TAMS 0x0000000080c00000, 0x0000000080d00000| Untracked 
|  13|0x0000000080d00000, 0x0000000080e00000, 0x0000000080e00000|100%| O|  |TAMS 0x0000000080d00000, 0x0000000080e00000| Untracked 
|  14|0x0000000080e00000, 0x0000000080f00000, 0x0000000080f00000|100%| O|  |TAMS 0x0000000080e00000, 0x0000000080f00000| Untracked 
|  15|0x0000000080f00000, 0x0000000081000000, 0x0000000081000000|100%| O|  |TAMS 0x0000000080f00000, 0x0000000081000000| Untracked 
|  16|0x0000000081000000, 0x0000000081034000, 0x0000000081100000| 20%| O|  |TAMS 0x0000000081000000, 0x0000000081034000| Untracked 
|  17|0x0000000081100000, 0x0000000081100000, 0x0000000081200000|  0%| F|  |TAMS 0x0000000081100000, 0x0000000081100000| Untracked 
|  18|0x0000000081200000, 0x0000000081200000, 0x0000000081300000|  0%| F|  |TAMS 0x0000000081200000, 0x0000000081200000| Untracked 
|  19|0x0000000081300000, 0x0000000081300000, 0x0000000081400000|  0%| F|  |TAMS 0x0000000081300000, 0x0000000081300000| Untracked 
|  20|0x0000000081400000, 0x0000000081400000, 0x0000000081500000|  0%| F|  |TAMS 0x0000000081400000, 0x0000000081400000| Untracked 
|  21|0x0000000081500000, 0x0000000081500000, 0x0000000081600000|  0%| F|  |TAMS 0x0000000081500000, 0x0000000081500000| Untracked 
|  22|0x0000000081600000, 0x0000000081600000, 0x0000000081700000|  0%| F|  |TAMS 0x0000000081600000, 0x0000000081600000| Untracked 
|  23|0x0000000081700000, 0x0000000081700000, 0x0000000081800000|  0%| F|  |TAMS 0x0000000081700000, 0x0000000081700000| Untracked 
|  24|0x0000000081800000, 0x0000000081800000, 0x0000000081900000|  0%| F|  |TAMS 0x0000000081800000, 0x0000000081800000| Untracked 
|  25|0x0000000081900000, 0x0000000081900000, 0x0000000081a00000|  0%| F|  |TAMS 0x0000000081900000, 0x0000000081900000| Untracked 
|  26|0x0000000081a00000, 0x0000000081a00000, 0x0000000081b00000|  0%| F|  |TAMS 0x0000000081a00000, 0x0000000081a00000| Untracked 
|  27|0x0000000081b00000, 0x0000000081b00000, 0x0000000081c00000|  0%| F|  |TAMS 0x0000000081b00000, 0x0000000081b00000| Untracked 
|  28|0x0000000081c00000, 0x0000000081c00000, 0x0000000081d00000|  0%| F|  |TAMS 0x0000000081c00000, 0x0000000081c00000| Untracked 
|  29|0x0000000081d00000, 0x0000000081d00000, 0x0000000081e00000|  0%| F|  |TAMS 0x0000000081d00000, 0x0000000081d00000| Untracked 
|  30|0x0000000081e00000, 0x0000000081e00000, 0x0000000081f00000|  0%| F|  |TAMS 0x0000000081e00000, 0x0000000081e00000| Untracked 
|  31|0x0000000081f00000, 0x0000000081f00000, 0x0000000082000000|  0%| F|  |TAMS 0x0000000081f00000, 0x0000000081f00000| Untracked 
|  32|0x0000000082000000, 0x0000000082000000, 0x0000000082100000|  0%| F|  |TAMS 0x0000000082000000, 0x0000000082000000| Untracked 
|  33|0x0000000082100000, 0x0000000082100000, 0x0000000082200000|  0%| F|  |TAMS 0x0000000082100000, 0x0000000082100000| Untracked 
|  34|0x0000000082200000, 0x0000000082200000, 0x0000000082300000|  0%| F|  |TAMS 0x0000000082200000, 0x0000000082200000| Untracked 
|  35|0x0000000082300000, 0x0000000082300000, 0x0000000082400000|  0%| F|  |TAMS 0x0000000082300000, 0x0000000082300000| Untracked 
|  36|0x0000000082400000, 0x0000000082400000, 0x0000000082500000|  0%| F|  |TAMS 0x0000000082400000, 0x0000000082400000| Untracked 
|  37|0x0000000082500000, 0x0000000082500000, 0x0000000082600000|  0%| F|  |TAMS 0x0000000082500000, 0x0000000082500000| Untracked 
|  38|0x0000000082600000, 0x0000000082600000, 0x0000000082700000|  0%| F|  |TAMS 0x0000000082600000, 0x0000000082600000| Untracked 
|  39|0x0000000082700000, 0x0000000082700000, 0x0000000082800000|  0%| F|  |TAMS 0x0000000082700000, 0x0000000082700000| Untracked 
|  40|0x0000000082800000, 0x0000000082800000, 0x0000000082900000|  0%| F|  |TAMS 0x0000000082800000, 0x0000000082800000| Untracked 
|  41|0x0000000082900000, 0x0000000082900000, 0x0000000082a00000|  0%| F|  |TAMS 0x0000000082900000, 0x0000000082900000| Untracked 
|  42|0x0000000082a00000, 0x0000000082a00000, 0x0000000082b00000|  0%| F|  |TAMS 0x0000000082a00000, 0x0000000082a00000| Untracked 
|  43|0x0000000082b00000, 0x0000000082b00000, 0x0000000082c00000|  0%| F|  |TAMS 0x0000000082b00000, 0x0000000082b00000| Untracked 
|  44|0x0000000082c00000, 0x0000000082c00000, 0x0000000082d00000|  0%| F|  |TAMS 0x0000000082c00000, 0x0000000082c00000| Untracked 
|  45|0x0000000082d00000, 0x0000000082d00000, 0x0000000082e00000|  0%| F|  |TAMS 0x0000000082d00000, 0x0000000082d00000| Untracked 
|  46|0x0000000082e00000, 0x0000000082e00000, 0x0000000082f00000|  0%| F|  |TAMS 0x0000000082e00000, 0x0000000082e00000| Untracked 
|  47|0x0000000082f00000, 0x0000000082f00000, 0x0000000083000000|  0%| F|  |TAMS 0x0000000082f00000, 0x0000000082f00000| Untracked 
|  48|0x0000000083000000, 0x0000000083000000, 0x0000000083100000|  0%| F|  |TAMS 0x0000000083000000, 0x0000000083000000| Untracked 
|  49|0x0000000083100000, 0x0000000083100000, 0x0000000083200000|  0%| F|  |TAMS 0x0000000083100000, 0x0000000083100000| Untracked 
|  50|0x0000000083200000, 0x0000000083200000, 0x0000000083300000|  0%| F|  |TAMS 0x0000000083200000, 0x0000000083200000| Untracked 
|  51|0x0000000083300000, 0x0000000083300000, 0x0000000083400000|  0%| F|  |TAMS 0x0000000083300000, 0x0000000083300000| Untracked 
|  52|0x0000000083400000, 0x0000000083400000, 0x0000000083500000|  0%| F|  |TAMS 0x0000000083400000, 0x0000000083400000| Untracked 
|  53|0x0000000083500000, 0x0000000083500000, 0x0000000083600000|  0%| F|  |TAMS 0x0000000083500000, 0x0000000083500000| Untracked 
|  54|0x0000000083600000, 0x0000000083600000, 0x0000000083700000|  0%| F|  |TAMS 0x0000000083600000, 0x0000000083600000| Untracked 
|  55|0x0000000083700000, 0x0000000083700000, 0x0000000083800000|  0%| F|  |TAMS 0x0000000083700000, 0x0000000083700000| Untracked 
|  56|0x0000000083800000, 0x0000000083800000, 0x0000000083900000|  0%| F|  |TAMS 0x0000000083800000, 0x0000000083800000| Untracked 
|  57|0x0000000083900000, 0x0000000083900000, 0x0000000083a00000|  0%| F|  |TAMS 0x0000000083900000, 0x0000000083900000| Untracked 
|  58|0x0000000083a00000, 0x0000000083a00000, 0x0000000083b00000|  0%| F|  |TAMS 0x0000000083a00000, 0x0000000083a00000| Untracked 
|  59|0x0000000083b00000, 0x0000000083b00000, 0x0000000083c00000|  0%| F|  |TAMS 0x0000000083b00000, 0x0000000083b00000| Untracked 
|  60|0x0000000083c00000, 0x0000000083c00000, 0x0000000083d00000|  0%| F|  |TAMS 0x0000000083c00000, 0x0000000083c00000| Untracked 
|  61|0x0000000083d00000, 0x0000000083d00000, 0x0000000083e00000|  0%| F|  |TAMS 0x0000000083d00000, 0x0000000083d00000| Untracked 
|  62|0x0000000083e00000, 0x0000000083e00000, 0x0000000083f00000|  0%| F|  |TAMS 0x0000000083e00000, 0x0000000083e00000| Untracked 
|  63|0x0000000083f00000, 0x0000000083f00000, 0x0000000084000000|  0%| F|  |TAMS 0x0000000083f00000, 0x0000000083f00000| Untracked 
|  64|0x0000000084000000, 0x0000000084000000, 0x0000000084100000|  0%| F|  |TAMS 0x0000000084000000, 0x0000000084000000| Untracked 
|  65|0x0000000084100000, 0x0000000084100000, 0x0000000084200000|  0%| F|  |TAMS 0x0000000084100000, 0x0000000084100000| Untracked 
|  66|0x0000000084200000, 0x0000000084200000, 0x0000000084300000|  0%| F|  |TAMS 0x0000000084200000, 0x0000000084200000| Untracked 
|  67|0x0000000084300000, 0x0000000084300000, 0x0000000084400000|  0%| F|  |TAMS 0x0000000084300000, 0x0000000084300000| Untracked 
|  68|0x0000000084400000, 0x0000000084400000, 0x0000000084500000|  0%| F|  |TAMS 0x0000000084400000, 0x0000000084400000| Untracked 
|  69|0x0000000084500000, 0x0000000084500000, 0x0000000084600000|  0%| F|  |TAMS 0x0000000084500000, 0x0000000084500000| Untracked 
|  70|0x0000000084600000, 0x0000000084600000, 0x0000000084700000|  0%| F|  |TAMS 0x0000000084600000, 0x0000000084600000| Untracked 
|  71|0x0000000084700000, 0x0000000084700000, 0x0000000084800000|  0%| F|  |TAMS 0x0000000084700000, 0x0000000084700000| Untracked 
|  72|0x0000000084800000, 0x0000000084800000, 0x0000000084900000|  0%| F|  |TAMS 0x0000000084800000, 0x0000000084800000| Untracked 
|  73|0x0000000084900000, 0x0000000084900000, 0x0000000084a00000|  0%| F|  |TAMS 0x0000000084900000, 0x0000000084900000| Untracked 
|  74|0x0000000084a00000, 0x0000000084a00000, 0x0000000084b00000|  0%| F|  |TAMS 0x0000000084a00000, 0x0000000084a00000| Untracked 
|  75|0x0000000084b00000, 0x0000000084b00000, 0x0000000084c00000|  0%| F|  |TAMS 0x0000000084b00000, 0x0000000084b00000| Untracked 
|  76|0x0000000084c00000, 0x0000000084c00000, 0x0000000084d00000|  0%| F|  |TAMS 0x0000000084c00000, 0x0000000084c00000| Untracked 
|  77|0x0000000084d00000, 0x0000000084d00000, 0x0000000084e00000|  0%| F|  |TAMS 0x0000000084d00000, 0x0000000084d00000| Untracked 
|  78|0x0000000084e00000, 0x0000000084e00000, 0x0000000084f00000|  0%| F|  |TAMS 0x0000000084e00000, 0x0000000084e00000| Untracked 
|  79|0x0000000084f00000, 0x0000000084f00000, 0x0000000085000000|  0%| F|  |TAMS 0x0000000084f00000, 0x0000000084f00000| Untracked 
|  80|0x0000000085000000, 0x0000000085000000, 0x0000000085100000|  0%| F|  |TAMS 0x0000000085000000, 0x0000000085000000| Untracked 
|  81|0x0000000085100000, 0x0000000085100000, 0x0000000085200000|  0%| F|  |TAMS 0x0000000085100000, 0x0000000085100000| Untracked 
|  82|0x0000000085200000, 0x0000000085200000, 0x0000000085300000|  0%| F|  |TAMS 0x0000000085200000, 0x0000000085200000| Untracked 
|  83|0x0000000085300000, 0x0000000085300000, 0x0000000085400000|  0%| F|  |TAMS 0x0000000085300000, 0x0000000085300000| Untracked 
|  84|0x0000000085400000, 0x0000000085400000, 0x0000000085500000|  0%| F|  |TAMS 0x0000000085400000, 0x0000000085400000| Untracked 
|  85|0x0000000085500000, 0x0000000085500000, 0x0000000085600000|  0%| F|  |TAMS 0x0000000085500000, 0x0000000085500000| Untracked 
|  86|0x0000000085600000, 0x0000000085600000, 0x0000000085700000|  0%| F|  |TAMS 0x0000000085600000, 0x0000000085600000| Untracked 
|  87|0x0000000085700000, 0x0000000085700000, 0x0000000085800000|  0%| F|  |TAMS 0x0000000085700000, 0x0000000085700000| Untracked 
|  88|0x0000000085800000, 0x0000000085800000, 0x0000000085900000|  0%| F|  |TAMS 0x0000000085800000, 0x0000000085800000| Untracked 
|  89|0x0000000085900000, 0x0000000085900000, 0x0000000085a00000|  0%| F|  |TAMS 0x0000000085900000, 0x0000000085900000| Untracked 
|  90|0x0000000085a00000, 0x0000000085a00000, 0x0000000085b00000|  0%| F|  |TAMS 0x0000000085a00000, 0x0000000085a00000| Untracked 
|  91|0x0000000085b00000, 0x0000000085b00000, 0x0000000085c00000|  0%| F|  |TAMS 0x0000000085b00000, 0x0000000085b00000| Untracked 
|  92|0x0000000085c00000, 0x0000000085c00000, 0x0000000085d00000|  0%| F|  |TAMS 0x0000000085c00000, 0x0000000085c00000| Untracked 
|  93|0x0000000085d00000, 0x0000000085d00000, 0x0000000085e00000|  0%| F|  |TAMS 0x0000000085d00000, 0x0000000085d00000| Untracked 
|  94|0x0000000085e00000, 0x0000000085e00000, 0x0000000085f00000|  0%| F|  |TAMS 0x0000000085e00000, 0x0000000085e00000| Untracked 
|  95|0x0000000085f00000, 0x0000000085f00000, 0x0000000086000000|  0%| F|  |TAMS 0x0000000085f00000, 0x0000000085f00000| Untracked 
|  96|0x0000000086000000, 0x0000000086000000, 0x0000000086100000|  0%| F|  |TAMS 0x0000000086000000, 0x0000000086000000| Untracked 
|  97|0x0000000086100000, 0x0000000086100000, 0x0000000086200000|  0%| F|  |TAMS 0x0000000086100000, 0x0000000086100000| Untracked 
|  98|0x0000000086200000, 0x0000000086200000, 0x0000000086300000|  0%| F|  |TAMS 0x0000000086200000, 0x0000000086200000| Untracked 
|  99|0x0000000086300000, 0x0000000086300000, 0x0000000086400000|  0%| F|  |TAMS 0x0000000086300000, 0x0000000086300000| Untracked 
| 100|0x0000000086400000, 0x0000000086400000, 0x0000000086500000|  0%| F|  |TAMS 0x0000000086400000, 0x0000000086400000| Untracked 
| 101|0x0000000086500000, 0x0000000086500000, 0x0000000086600000|  0%| F|  |TAMS 0x0000000086500000, 0x0000000086500000| Untracked 
| 102|0x0000000086600000, 0x0000000086600000, 0x0000000086700000|  0%| F|  |TAMS 0x0000000086600000, 0x0000000086600000| Untracked 
| 103|0x0000000086700000, 0x0000000086700000, 0x0000000086800000|  0%| F|  |TAMS 0x0000000086700000, 0x0000000086700000| Untracked 
| 104|0x0000000086800000, 0x0000000086800000, 0x0000000086900000|  0%| F|  |TAMS 0x0000000086800000, 0x0000000086800000| Untracked 
| 105|0x0000000086900000, 0x0000000086989e90, 0x0000000086a00000| 53%| S|CS|TAMS 0x0000000086900000, 0x0000000086900000| Complete 
| 106|0x0000000086a00000, 0x0000000086b00000, 0x0000000086b00000|100%| S|CS|TAMS 0x0000000086a00000, 0x0000000086a00000| Complete 
| 107|0x0000000086b00000, 0x0000000086c00000, 0x0000000086c00000|100%| S|CS|TAMS 0x0000000086b00000, 0x0000000086b00000| Complete 
| 108|0x0000000086c00000, 0x0000000086d00000, 0x0000000086d00000|100%| S|CS|TAMS 0x0000000086c00000, 0x0000000086c00000| Complete 
| 109|0x0000000086d00000, 0x0000000086e00000, 0x0000000086e00000|100%| S|CS|TAMS 0x0000000086d00000, 0x0000000086d00000| Complete 
| 110|0x0000000086e00000, 0x0000000086f00000, 0x0000000086f00000|100%| S|CS|TAMS 0x0000000086e00000, 0x0000000086e00000| Complete 
| 111|0x0000000086f00000, 0x0000000086f00000, 0x0000000087000000|  0%| F|  |TAMS 0x0000000086f00000, 0x0000000086f00000| Untracked 
| 112|0x0000000087000000, 0x0000000087000000, 0x0000000087100000|  0%| F|  |TAMS 0x0000000087000000, 0x0000000087000000| Untracked 
| 113|0x0000000087100000, 0x0000000087100000, 0x0000000087200000|  0%| F|  |TAMS 0x0000000087100000, 0x0000000087100000| Untracked 
| 114|0x0000000087200000, 0x0000000087200000, 0x0000000087300000|  0%| F|  |TAMS 0x0000000087200000, 0x0000000087200000| Untracked 
| 115|0x0000000087300000, 0x0000000087300000, 0x0000000087400000|  0%| F|  |TAMS 0x0000000087300000, 0x0000000087300000| Untracked 
| 116|0x0000000087400000, 0x0000000087400000, 0x0000000087500000|  0%| F|  |TAMS 0x0000000087400000, 0x0000000087400000| Untracked 
| 117|0x0000000087500000, 0x0000000087500000, 0x0000000087600000|  0%| F|  |TAMS 0x0000000087500000, 0x0000000087500000| Untracked 
| 118|0x0000000087600000, 0x0000000087600000, 0x0000000087700000|  0%| F|  |TAMS 0x0000000087600000, 0x0000000087600000| Untracked 
| 119|0x0000000087700000, 0x0000000087700000, 0x0000000087800000|  0%| F|  |TAMS 0x0000000087700000, 0x0000000087700000| Untracked 
| 120|0x0000000087800000, 0x0000000087800000, 0x0000000087900000|  0%| F|  |TAMS 0x0000000087800000, 0x0000000087800000| Untracked 
| 121|0x0000000087900000, 0x0000000087900000, 0x0000000087a00000|  0%| F|  |TAMS 0x0000000087900000, 0x0000000087900000| Untracked 
| 122|0x0000000087a00000, 0x0000000087a00000, 0x0000000087b00000|  0%| F|  |TAMS 0x0000000087a00000, 0x0000000087a00000| Untracked 
| 123|0x0000000087b00000, 0x0000000087b00000, 0x0000000087c00000|  0%| F|  |TAMS 0x0000000087b00000, 0x0000000087b00000| Untracked 
| 124|0x0000000087c00000, 0x0000000087c00000, 0x0000000087d00000|  0%| F|  |TAMS 0x0000000087c00000, 0x0000000087c00000| Untracked 
| 125|0x0000000087d00000, 0x0000000087d00000, 0x0000000087e00000|  0%| F|  |TAMS 0x0000000087d00000, 0x0000000087d00000| Untracked 
| 126|0x0000000087e00000, 0x0000000087e00000, 0x0000000087f00000|  0%| F|  |TAMS 0x0000000087e00000, 0x0000000087e00000| Untracked 
| 127|0x0000000087f00000, 0x0000000087f00000, 0x0000000088000000|  0%| F|  |TAMS 0x0000000087f00000, 0x0000000087f00000| Untracked 
| 128|0x0000000088000000, 0x0000000088000000, 0x0000000088100000|  0%| F|  |TAMS 0x0000000088000000, 0x0000000088000000| Untracked 
| 129|0x0000000088100000, 0x0000000088100000, 0x0000000088200000|  0%| F|  |TAMS 0x0000000088100000, 0x0000000088100000| Untracked 
| 130|0x0000000088200000, 0x0000000088200000, 0x0000000088300000|  0%| F|  |TAMS 0x0000000088200000, 0x0000000088200000| Untracked 
| 131|0x0000000088300000, 0x0000000088300000, 0x0000000088400000|  0%| F|  |TAMS 0x0000000088300000, 0x0000000088300000| Untracked 
| 132|0x0000000088400000, 0x0000000088400000, 0x0000000088500000|  0%| F|  |TAMS 0x0000000088400000, 0x0000000088400000| Untracked 
| 133|0x0000000088500000, 0x0000000088500000, 0x0000000088600000|  0%| F|  |TAMS 0x0000000088500000, 0x0000000088500000| Untracked 
| 134|0x0000000088600000, 0x0000000088600000, 0x0000000088700000|  0%| F|  |TAMS 0x0000000088600000, 0x0000000088600000| Untracked 
| 135|0x0000000088700000, 0x0000000088700000, 0x0000000088800000|  0%| F|  |TAMS 0x0000000088700000, 0x0000000088700000| Untracked 
| 136|0x0000000088800000, 0x0000000088800000, 0x0000000088900000|  0%| F|  |TAMS 0x0000000088800000, 0x0000000088800000| Untracked 
| 137|0x0000000088900000, 0x0000000088900000, 0x0000000088a00000|  0%| F|  |TAMS 0x0000000088900000, 0x0000000088900000| Untracked 
| 138|0x0000000088a00000, 0x0000000088a00000, 0x0000000088b00000|  0%| F|  |TAMS 0x0000000088a00000, 0x0000000088a00000| Untracked 
| 139|0x0000000088b00000, 0x0000000088b00000, 0x0000000088c00000|  0%| F|  |TAMS 0x0000000088b00000, 0x0000000088b00000| Untracked 
| 140|0x0000000088c00000, 0x0000000088c00000, 0x0000000088d00000|  0%| F|  |TAMS 0x0000000088c00000, 0x0000000088c00000| Untracked 
| 141|0x0000000088d00000, 0x0000000088d00000, 0x0000000088e00000|  0%| F|  |TAMS 0x0000000088d00000, 0x0000000088d00000| Untracked 
| 142|0x0000000088e00000, 0x0000000088e00000, 0x0000000088f00000|  0%| F|  |TAMS 0x0000000088e00000, 0x0000000088e00000| Untracked 
| 143|0x0000000088f00000, 0x0000000088f00000, 0x0000000089000000|  0%| F|  |TAMS 0x0000000088f00000, 0x0000000088f00000| Untracked 
| 144|0x0000000089000000, 0x0000000089000000, 0x0000000089100000|  0%| F|  |TAMS 0x0000000089000000, 0x0000000089000000| Untracked 
| 145|0x0000000089100000, 0x0000000089100000, 0x0000000089200000|  0%| F|  |TAMS 0x0000000089100000, 0x0000000089100000| Untracked 
| 146|0x0000000089200000, 0x0000000089200000, 0x0000000089300000|  0%| F|  |TAMS 0x0000000089200000, 0x0000000089200000| Untracked 
| 147|0x0000000089300000, 0x0000000089300000, 0x0000000089400000|  0%| F|  |TAMS 0x0000000089300000, 0x0000000089300000| Untracked 
| 148|0x0000000089400000, 0x0000000089400000, 0x0000000089500000|  0%| F|  |TAMS 0x0000000089400000, 0x0000000089400000| Untracked 
| 149|0x0000000089500000, 0x0000000089500000, 0x0000000089600000|  0%| F|  |TAMS 0x0000000089500000, 0x0000000089500000| Untracked 
| 150|0x0000000089600000, 0x0000000089600000, 0x0000000089700000|  0%| F|  |TAMS 0x0000000089600000, 0x0000000089600000| Untracked 
| 151|0x0000000089700000, 0x0000000089700000, 0x0000000089800000|  0%| F|  |TAMS 0x0000000089700000, 0x0000000089700000| Untracked 
| 152|0x0000000089800000, 0x0000000089800000, 0x0000000089900000|  0%| F|  |TAMS 0x0000000089800000, 0x0000000089800000| Untracked 
| 153|0x0000000089900000, 0x0000000089900000, 0x0000000089a00000|  0%| F|  |TAMS 0x0000000089900000, 0x0000000089900000| Untracked 
| 154|0x0000000089a00000, 0x0000000089a00000, 0x0000000089b00000|  0%| F|  |TAMS 0x0000000089a00000, 0x0000000089a00000| Untracked 
| 155|0x0000000089b00000, 0x0000000089b00000, 0x0000000089c00000|  0%| F|  |TAMS 0x0000000089b00000, 0x0000000089b00000| Untracked 
| 156|0x0000000089c00000, 0x0000000089c00000, 0x0000000089d00000|  0%| F|  |TAMS 0x0000000089c00000, 0x0000000089c00000| Untracked 
| 157|0x0000000089d00000, 0x0000000089d00000, 0x0000000089e00000|  0%| F|  |TAMS 0x0000000089d00000, 0x0000000089d00000| Untracked 
| 158|0x0000000089e00000, 0x0000000089e00000, 0x0000000089f00000|  0%| F|  |TAMS 0x0000000089e00000, 0x0000000089e00000| Untracked 
| 159|0x0000000089f00000, 0x0000000089f00000, 0x000000008a000000|  0%| F|  |TAMS 0x0000000089f00000, 0x0000000089f00000| Untracked 
| 160|0x000000008a000000, 0x000000008a000000, 0x000000008a100000|  0%| F|  |TAMS 0x000000008a000000, 0x000000008a000000| Untracked 
| 161|0x000000008a100000, 0x000000008a100000, 0x000000008a200000|  0%| F|  |TAMS 0x000000008a100000, 0x000000008a100000| Untracked 
| 162|0x000000008a200000, 0x000000008a200000, 0x000000008a300000|  0%| F|  |TAMS 0x000000008a200000, 0x000000008a200000| Untracked 
| 163|0x000000008a300000, 0x000000008a300000, 0x000000008a400000|  0%| F|  |TAMS 0x000000008a300000, 0x000000008a300000| Untracked 
| 164|0x000000008a400000, 0x000000008a400000, 0x000000008a500000|  0%| F|  |TAMS 0x000000008a400000, 0x000000008a400000| Untracked 
| 165|0x000000008a500000, 0x000000008a500000, 0x000000008a600000|  0%| F|  |TAMS 0x000000008a500000, 0x000000008a500000| Untracked 
| 166|0x000000008a600000, 0x000000008a600000, 0x000000008a700000|  0%| F|  |TAMS 0x000000008a600000, 0x000000008a600000| Untracked 
| 167|0x000000008a700000, 0x000000008a700000, 0x000000008a800000|  0%| F|  |TAMS 0x000000008a700000, 0x000000008a700000| Untracked 
| 168|0x000000008a800000, 0x000000008a800000, 0x000000008a900000|  0%| F|  |TAMS 0x000000008a800000, 0x000000008a800000| Untracked 
| 169|0x000000008a900000, 0x000000008a900000, 0x000000008aa00000|  0%| F|  |TAMS 0x000000008a900000, 0x000000008a900000| Untracked 
| 170|0x000000008aa00000, 0x000000008aa00000, 0x000000008ab00000|  0%| F|  |TAMS 0x000000008aa00000, 0x000000008aa00000| Untracked 
| 171|0x000000008ab00000, 0x000000008ab00000, 0x000000008ac00000|  0%| F|  |TAMS 0x000000008ab00000, 0x000000008ab00000| Untracked 
| 172|0x000000008ac00000, 0x000000008ac00000, 0x000000008ad00000|  0%| F|  |TAMS 0x000000008ac00000, 0x000000008ac00000| Untracked 
| 173|0x000000008ad00000, 0x000000008ad00000, 0x000000008ae00000|  0%| F|  |TAMS 0x000000008ad00000, 0x000000008ad00000| Untracked 
| 174|0x000000008ae00000, 0x000000008ae00000, 0x000000008af00000|  0%| F|  |TAMS 0x000000008ae00000, 0x000000008ae00000| Untracked 
| 175|0x000000008af00000, 0x000000008af00000, 0x000000008b000000|  0%| F|  |TAMS 0x000000008af00000, 0x000000008af00000| Untracked 
| 176|0x000000008b000000, 0x000000008b000000, 0x000000008b100000|  0%| F|  |TAMS 0x000000008b000000, 0x000000008b000000| Untracked 
| 177|0x000000008b100000, 0x000000008b180800, 0x000000008b200000| 50%| E|  |TAMS 0x000000008b100000, 0x000000008b100000| Complete 
| 178|0x000000008b200000, 0x000000008b300000, 0x000000008b300000|100%| E|CS|TAMS 0x000000008b200000, 0x000000008b200000| Complete 
| 179|0x000000008b300000, 0x000000008b400000, 0x000000008b400000|100%| E|CS|TAMS 0x000000008b300000, 0x000000008b300000| Complete 
| 180|0x000000008b400000, 0x000000008b500000, 0x000000008b500000|100%| E|CS|TAMS 0x000000008b400000, 0x000000008b400000| Complete 
| 181|0x000000008b500000, 0x000000008b600000, 0x000000008b600000|100%| E|CS|TAMS 0x000000008b500000, 0x000000008b500000| Complete 
| 182|0x000000008b600000, 0x000000008b700000, 0x000000008b700000|100%| E|CS|TAMS 0x000000008b600000, 0x000000008b600000| Complete 
| 183|0x000000008b700000, 0x000000008b800000, 0x000000008b800000|100%| E|CS|TAMS 0x000000008b700000, 0x000000008b700000| Complete 
| 184|0x000000008b800000, 0x000000008b900000, 0x000000008b900000|100%| E|CS|TAMS 0x000000008b800000, 0x000000008b800000| Complete 
| 185|0x000000008b900000, 0x000000008ba00000, 0x000000008ba00000|100%| E|  |TAMS 0x000000008b900000, 0x000000008b900000| Complete 
| 186|0x000000008ba00000, 0x000000008bb00000, 0x000000008bb00000|100%| E|CS|TAMS 0x000000008ba00000, 0x000000008ba00000| Complete 
| 187|0x000000008bb00000, 0x000000008bc00000, 0x000000008bc00000|100%| E|CS|TAMS 0x000000008bb00000, 0x000000008bb00000| Complete 
| 188|0x000000008bc00000, 0x000000008bd00000, 0x000000008bd00000|100%| E|CS|TAMS 0x000000008bc00000, 0x000000008bc00000| Complete 
| 189|0x000000008bd00000, 0x000000008be00000, 0x000000008be00000|100%| E|CS|TAMS 0x000000008bd00000, 0x000000008bd00000| Complete 

Card table byte_map: [0x0000026f64490000,0x0000026f64890000] _byte_map_base: 0x0000026f64090000

Marking Bits (Prev, Next): (CMBitMap*) 0x0000026f50b303e0, (CMBitMap*) 0x0000026f50b303a8
 Prev Bits: [0x0000026f66c90000, 0x0000026f68c90000)
 Next Bits: [0x0000026f64c90000, 0x0000026f66c90000)

Polling page: 0x0000026f50bd0000

Metaspace:

Usage:
  Non-class:     32.01 MB capacity,    31.47 MB ( 98%) used,   472.77 KB (  1%) free+waste,    79.19 KB ( <1%) overhead. 
      Class:      4.96 MB capacity,     4.65 MB ( 94%) used,   279.87 KB (  6%) free+waste,    38.44 KB ( <1%) overhead. 
       Both:     36.97 MB capacity,    36.12 MB ( 98%) used,   752.64 KB (  2%) free+waste,   117.63 KB ( <1%) overhead. 

Virtual space:
  Non-class space:       34.00 MB reserved,      32.17 MB ( 95%) committed 
      Class space:        1.00 GB reserved,       5.03 MB ( <1%) committed 
             Both:        1.03 GB reserved,      37.20 MB (  4%) committed 

Chunk freelists:
   Non-Class:  34.00 KB
       Class:  5.00 KB
        Both:  39.00 KB

MaxMetaspaceSize: 17179869184.00 GB
CompressedClassSpaceSize: 1.00 GB
Initial GC threshold: 20.80 MB
Current GC threshold: 37.35 MB
CDS: off

CodeHeap 'non-profiled nmethods': size=120000Kb used=1640Kb max_used=1640Kb free=118359Kb
 bounds [0x0000026f5c0f0000, 0x0000026f5c360000, 0x0000026f63620000]
CodeHeap 'profiled nmethods': size=120000Kb used=6166Kb max_used=6166Kb free=113833Kb
 bounds [0x0000026f54bc0000, 0x0000026f551d0000, 0x0000026f5c0f0000]
CodeHeap 'non-nmethods': size=5760Kb used=1582Kb max_used=1595Kb free=4178Kb
 bounds [0x0000026f54620000, 0x0000026f54890000, 0x0000026f54bc0000]
 total_blobs=3658 nmethods=3038 adapters=532
 compilation: enabled
              stopped_count=0, restarted_count=0
 full_count=0

Compilation events (20 events):
Event: 2.874 Thread 0x0000026f6c009800 2822       3       jdk.nio.zipfs.ZipFileSystem$IndexNode::<init> (113 bytes)
Event: 2.874 Thread 0x0000026f6c4e2800 2823       4       java.util.LinkedHashMap::afterNodeInsertion (40 bytes)
Event: 2.874 Thread 0x0000026f6c009800 nmethod 2822 0x0000026f55169e90 code [0x0000026f5516a0a0, 0x0000026f5516a6d8]
Event: 2.874 Thread 0x0000026f6c009800 2814       3       jdk.nio.zipfs.ZipFileSystem$IndexNode::name (14 bytes)
Event: 2.874 Thread 0x0000026f6c009800 nmethod 2814 0x0000026f5516a910 code [0x0000026f5516aac0, 0x0000026f5516ac48]
Event: 2.874 Thread 0x0000026f6c009800 2815       3       jdk.nio.zipfs.ZipCoder::isUTF8 (16 bytes)
Event: 2.875 Thread 0x0000026f6e6f8800 2824       4       jdk.nio.zipfs.ZipFileSystem$IndexNode::normalize (79 bytes)
Event: 2.875 Thread 0x0000026f6c009800 nmethod 2815 0x0000026f5516ad10 code [0x0000026f5516aec0, 0x0000026f5516b038]
Event: 2.875 Thread 0x0000026f6c009800 2816       3       jdk.nio.zipfs.ZipConstants::cenSigAt (8 bytes)
Event: 2.875 Thread 0x0000026f6c009800 nmethod 2816 0x0000026f5516b110 code [0x0000026f5516b2c0, 0x0000026f5516b3e8]
Event: 2.875 Thread 0x0000026f6c009800 2818       3       jdk.nio.zipfs.ZipConstants::CENNAM (9 bytes)
Event: 2.875 Thread 0x0000026f6c009800 nmethod 2818 0x0000026f5516b490 code [0x0000026f5516b660, 0x0000026f5516b8b8]
Event: 2.875 Thread 0x0000026f6c009800 2819       3       jdk.nio.zipfs.ZipConstants::CENEXT (9 bytes)
Event: 2.875 Thread 0x0000026f6c009800 nmethod 2819 0x0000026f5516ba10 code [0x0000026f5516bbe0, 0x0000026f5516be38]
Event: 2.875 Thread 0x0000026f6c009800 2820       3       jdk.nio.zipfs.ZipConstants::CENCOM (9 bytes)
Event: 2.875 Thread 0x0000026f6c009800 nmethod 2820 0x0000026f5516bf90 code [0x0000026f5516c160, 0x0000026f5516c3b8]
Event: 2.875 Thread 0x0000026f6c009800 2821       3       jdk.nio.zipfs.ZipConstants::CENFLG (9 bytes)
Event: 2.875 Thread 0x0000026f6c009800 nmethod 2821 0x0000026f5516c510 code [0x0000026f5516c6e0, 0x0000026f5516c938]
Event: 2.875 Thread 0x0000026f6c4e2800 nmethod 2823 0x0000026f5c275410 code [0x0000026f5c2755a0, 0x0000026f5c275658]
Event: 2.875 Thread 0x0000026f6c4e2800 2825       4       java.util.Arrays::hashCode (44 bytes)

GC Heap History (8 events):
Event: 0.483 GC heap before
{Heap before GC invocations=0 (full 0):
 garbage-first heap   total 194560K, used 30720K [0x0000000080000000, 0x0000000100000000)
  region size 1024K, 24 young (24576K), 0 survivors (0K)
 Metaspace       used 9857K, capacity 10058K, committed 10112K, reserved 1058816K
  class space    used 1029K, capacity 1102K, committed 1152K, reserved 1048576K
}
Event: 0.487 GC heap after
{Heap after GC invocations=1 (full 0):
 garbage-first heap   total 194560K, used 9189K [0x0000000080000000, 0x0000000100000000)
  region size 1024K, 3 young (3072K), 3 survivors (3072K)
 Metaspace       used 9857K, capacity 10058K, committed 10112K, reserved 1058816K
  class space    used 1029K, capacity 1102K, committed 1152K, reserved 1048576K
}
Event: 1.776 GC heap before
{Heap before GC invocations=1 (full 0):
 garbage-first heap   total 194560K, used 112613K [0x0000000080000000, 0x0000000100000000)
  region size 1024K, 105 young (107520K), 3 survivors (3072K)
 Metaspace       used 20776K, capacity 21157K, committed 21296K, reserved 1069056K
  class space    used 2561K, capacity 2716K, committed 2816K, reserved 1048576K
}
Event: 1.785 GC heap after
{Heap after GC invocations=2 (full 0):
 garbage-first heap   total 194560K, used 16952K [0x0000000080000000, 0x0000000100000000)
  region size 1024K, 11 young (11264K), 11 survivors (11264K)
 Metaspace       used 20776K, capacity 21157K, committed 21296K, reserved 1069056K
  class space    used 2561K, capacity 2716K, committed 2816K, reserved 1048576K
}
Event: 2.030 GC heap before
{Heap before GC invocations=3 (full 0):
 garbage-first heap   total 194560K, used 53816K [0x0000000080000000, 0x0000000100000000)
  region size 1024K, 47 young (48128K), 11 survivors (11264K)
 Metaspace       used 24387K, capacity 24921K, committed 25088K, reserved 1071104K
  class space    used 3109K, capacity 3315K, committed 3328K, reserved 1048576K
}
Event: 2.035 GC heap after
{Heap after GC invocations=4 (full 0):
 garbage-first heap   total 194560K, used 18256K [0x0000000080000000, 0x0000000100000000)
  region size 1024K, 2 young (2048K), 2 survivors (2048K)
 Metaspace       used 24387K, capacity 24921K, committed 25088K, reserved 1071104K
  class space    used 3109K, capacity 3315K, committed 3328K, reserved 1048576K
}
Event: 2.779 GC heap before
{Heap before GC invocations=4 (full 0):
 garbage-first heap   total 194560K, used 96080K [0x0000000080000000, 0x0000000100000000)
  region size 1024K, 79 young (80896K), 2 survivors (2048K)
 Metaspace       used 35077K, capacity 35844K, committed 35920K, reserved 1081344K
  class space    used 4560K, capacity 4879K, committed 4944K, reserved 1048576K
}
Event: 2.787 GC heap after
{Heap after GC invocations=5 (full 0):
 garbage-first heap   total 194560K, used 22263K [0x0000000080000000, 0x0000000100000000)
  region size 1024K, 6 young (6144K), 6 survivors (6144K)
 Metaspace       used 35077K, capacity 35844K, committed 35920K, reserved 1081344K
  class space    used 4560K, capacity 4879K, committed 4944K, reserved 1048576K
}

Deoptimization events (20 events):
Event: 2.855 Thread 0x0000026f6ea88000 Uncommon trap: trap_request=0xffffff4d fr.pc=0x0000026f5c183318 relative=0x00000000000013d8
Event: 2.855 Thread 0x0000026f6ea88000 Uncommon trap: reason=unstable_if action=reinterpret pc=0x0000026f5c183318 method=sun.nio.fs.WindowsPathParser.isSlash(C)Z @ 9 c2
Event: 2.855 Thread 0x0000026f6ea88000 DEOPT PACKING pc=0x0000026f5c183318 sp=0x0000008174bf8e70
Event: 2.855 Thread 0x0000026f6ea88000 DEOPT UNPACKING pc=0x0000026f5466a1af sp=0x0000008174bf8e00 mode 2
Event: 2.855 Thread 0x0000026f6ea88000 Uncommon trap: trap_request=0xffffff4d fr.pc=0x0000026f5c109adc relative=0x000000000000003c
Event: 2.855 Thread 0x0000026f6ea88000 Uncommon trap: reason=unstable_if action=reinterpret pc=0x0000026f5c109adc method=sun.nio.fs.WindowsPathParser.isSlash(C)Z @ 9 c2
Event: 2.855 Thread 0x0000026f6ea88000 DEOPT PACKING pc=0x0000026f5c109adc sp=0x0000008174bf8e70
Event: 2.855 Thread 0x0000026f6ea88000 DEOPT UNPACKING pc=0x0000026f5466a1af sp=0x0000008174bf8df8 mode 2
Event: 2.859 Thread 0x0000026f6ea88000 Uncommon trap: trap_request=0xffffff4d fr.pc=0x0000026f5c254d60 relative=0x00000000000003a0
Event: 2.859 Thread 0x0000026f6ea88000 Uncommon trap: reason=unstable_if action=reinterpret pc=0x0000026f5c254d60 method=java.lang.String.equalsIgnoreCase(Ljava/lang/String;)Z @ 36 c2
Event: 2.859 Thread 0x0000026f6ea88000 DEOPT PACKING pc=0x0000026f5c254d60 sp=0x0000008174bf7680
Event: 2.859 Thread 0x0000026f6ea88000 DEOPT UNPACKING pc=0x0000026f5466a1af sp=0x0000008174bf7640 mode 2
Event: 2.860 Thread 0x0000026f6ea88000 Uncommon trap: trap_request=0xffffffc6 fr.pc=0x0000026f5c2412b8 relative=0x0000000000005018
Event: 2.860 Thread 0x0000026f6ea88000 Uncommon trap: reason=bimorphic_or_optimized_type_check action=maybe_recompile pc=0x0000026f5c2412b8 method=java.net.URL.<init>(Ljava/net/URL;Ljava/lang/String;Ljava/net/URLStreamHandler;)V @ 504 c2
Event: 2.860 Thread 0x0000026f6ea88000 DEOPT PACKING pc=0x0000026f5c2412b8 sp=0x0000008174bf70e0
Event: 2.860 Thread 0x0000026f6ea88000 DEOPT UNPACKING pc=0x0000026f5466a1af sp=0x0000008174bf7080 mode 2
Event: 2.861 Thread 0x0000026f6ea88000 Uncommon trap: trap_request=0xffffff4d fr.pc=0x0000026f5c17632c relative=0x000000000000136c
Event: 2.861 Thread 0x0000026f6ea88000 Uncommon trap: reason=unstable_if action=reinterpret pc=0x0000026f5c17632c method=sun.nio.fs.WindowsPathParser.isSlash(C)Z @ 9 c2
Event: 2.861 Thread 0x0000026f6ea88000 DEOPT PACKING pc=0x0000026f5c17632c sp=0x0000008174bf8b10
Event: 2.861 Thread 0x0000026f6ea88000 DEOPT UNPACKING pc=0x0000026f5466a1af sp=0x0000008174bf8ac0 mode 2

Classes redefined (0 events):
No events

Internal exceptions (20 events):
Event: 2.312 Thread 0x0000026f6ea88000 Exception <a 'java/lang/NoSuchMethodError'{0x000000008a0c5590}: 'java.lang.Object java.lang.invoke.Invokers$Holder.linkToTargetMethod(java.lang.Object, java.lang.Object, java.lang.Object, java.lang.Object, java.lang.Object, java.lang.Object, java.lang.Object, java.lang.Object, java.lang.Object, java.lang.Object, java.lang.Object, java.lang.Object)'> (0x000000008a0c5590) thrown at [./src/hotspot/share/interpreter/linkResolver.cpp, line 773]
Event: 2.321 Thread 0x0000026f6ea88000 Exception <a 'java/lang/NoSuchMethodError'{0x0000000089fbbd38}: 'java.lang.Object java.lang.invoke.DirectMethodHandle$Holder.invokeStaticInit(java.lang.Object, java.lang.Object, java.lang.Object, java.lang.Object)'> (0x0000000089fbbd38) thrown at [./src/hotspot/share/interpreter/linkResolver.cpp, line 773]
Event: 2.376 Thread 0x0000026f6ea88000 Implicit null exception at 0x0000026f5c1dab75 to 0x0000026f5c1dad3c
Event: 2.469 Thread 0x0000026f6ea88000 Exception <a 'java/lang/NoSuchMethodError'{0x0000000088bbc380}: 'java.lang.Object java.lang.invoke.Invokers$Holder.linkToTargetMethod(java.lang.Object, java.lang.Object, java.lang.Object, java.lang.Object, java.lang.Object, java.lang.Object, java.lang.Object, java.lang.Object)'> (0x0000000088bbc380) thrown at [./src/hotspot/share/interpreter/linkResolver.cpp, line 773]
Event: 2.471 Thread 0x0000026f6ea88000 Exception <a 'java/lang/NoSuchMethodError'{0x0000000088a0a8f8}: 'java.lang.Object java.lang.invoke.Invokers$Holder.linkToTargetMethod(java.lang.Object, java.lang.Object, java.lang.Object, java.lang.Object, java.lang.Object, java.lang.Object, java.lang.Object)'> (0x0000000088a0a8f8) thrown at [./src/hotspot/share/interpreter/linkResolver.cpp, line 773]
Event: 2.473 Thread 0x0000026f6ea88000 Exception <a 'java/lang/IncompatibleClassChangeError'{0x0000000088a4aba0}: Found class java.lang.Object, but interface was expected> (0x0000000088a4aba0) thrown at [./src/hotspot/share/interpreter/linkResolver.cpp, line 839]
Event: 2.623 Thread 0x0000026f6ea88000 Exception <a 'java/lang/NoSuchMethodError'{0x00000000876512b0}: 'void java.lang.invoke.DirectMethodHandle$Holder.invokeStaticInit(java.lang.Object, java.lang.Object, java.lang.Object)'> (0x00000000876512b0) thrown at [./src/hotspot/share/interpreter/linkResolver.cpp, line 773]
Event: 2.623 Thread 0x0000026f6ea88000 Exception <a 'java/lang/NoSuchMethodError'{0x0000000087658460}: 'void java.lang.invoke.DirectMethodHandle$Holder.invokeStaticInit(java.lang.Object, java.lang.Object, java.lang.Object, java.lang.Object)'> (0x0000000087658460) thrown at [./src/hotspot/share/interpreter/linkResolver.cpp, line 773]
Event: 2.625 Thread 0x0000026f6ea88000 Exception <a 'java/lang/NoSuchMethodError'{0x000000008767aab8}: 'void java.lang.invoke.DirectMethodHandle$Holder.invokeStaticInit(java.lang.Object, java.lang.Object, java.lang.Object, java.lang.Object, java.lang.Object)'> (0x000000008767aab8) thrown at [./src/hotspot/share/interpreter/linkResolver.cpp, line 773]
Event: 2.650 Thread 0x0000026f6ea88000 Exception <a 'java/lang/NoSuchMethodError'{0x00000000876d9410}: 'int java.lang.invoke.DirectMethodHandle$Holder.invokeStaticInit(java.lang.Object, java.lang.Object, java.lang.Object, java.lang.Object)'> (0x00000000876d9410) thrown at [./src/hotspot/share/interpreter/linkResolver.cpp, line 773]
Event: 2.797 Thread 0x0000026f6ea88000 Exception <a 'java/lang/NoSuchMethodError'{0x000000008bdacd30}: 'java.lang.Object java.lang.invoke.DirectMethodHandle$Holder.invokeStatic(java.lang.Object, java.lang.Object, java.lang.Object, java.lang.Object, java.lang.Object, java.lang.Object, java.lang.Object, java.lang.Object, java.lang.Object, java.lang.Object, java.lang.Object, int)'> (0x000000008bdacd30) thrown at [./src/hotspot/share/interpreter/linkResolver.cpp, line 773]
Event: 2.798 Thread 0x0000026f6ea88000 Exception <a 'java/lang/NoSuchMethodError'{0x000000008bdcb6d0}: 'java.lang.Object java.lang.invoke.DirectMethodHandle$Holder.invokeStatic(java.lang.Object, java.lang.Object, java.lang.Object, java.lang.Object, java.lang.Object, java.lang.Object, java.lang.Object, java.lang.Object, java.lang.Object, java.lang.Object, java.lang.Object, int, int)'> (0x000000008bdcb6d0) thrown at [./src/hotspot/share/interpreter/linkResolver.cpp, line 773]
Event: 2.799 Thread 0x0000026f6ea88000 Exception <a 'java/lang/NoSuchMethodError'{0x000000008bdeaf00}: 'java.lang.Object java.lang.invoke.DirectMethodHandle$Holder.invokeStatic(java.lang.Object, java.lang.Object, java.lang.Object, java.lang.Object, java.lang.Object, java.lang.Object, java.lang.Object, java.lang.Object, java.lang.Object, java.lang.Object, java.lang.Object, int, int, java.lang.Object)'> (0x000000008bdeaf00) thrown at [./src/hotspot/share/interpreter/linkResolver.cpp, line 773]
Event: 2.800 Thread 0x0000026f6ea88000 Exception <a 'java/lang/NoSuchMethodError'{0x000000008bc0c480}: 'java.lang.Object java.lang.invoke.DirectMethodHandle$Holder.invokeStatic(java.lang.Object, java.lang.Object, java.lang.Object, java.lang.Object, java.lang.Object, java.lang.Object, java.lang.Object, java.lang.Object, java.lang.Object, java.lang.Object, java.lang.Object, int, int, java.lang.Object, java.lang.Object)'> (0x000000008bc0c480) thrown at [./src/hotspot/share/interpreter/linkResolver.cpp, line 773]
Event: 2.802 Thread 0x0000026f6ea88000 Exception <a 'java/lang/ClassNotFoundException'{0x000000008bc3c038}: groovy/lang/ExpandoMetaClassBeanInfo> (0x000000008bc3c038) thrown at [./src/hotspot/share/classfile/systemDictionary.cpp, line 231]
Event: 2.803 Thread 0x0000026f6ea88000 Exception <a 'java/lang/ClassNotFoundException'{0x000000008bc5c068}: groovy/lang/MetaClassImplBeanInfo> (0x000000008bc5c068) thrown at [./src/hotspot/share/classfile/systemDictionary.cpp, line 231]
Event: 2.803 Thread 0x0000026f6ea88000 Exception <a 'java/lang/ClassNotFoundException'{0x000000008bc65320}: java/lang/ObjectBeanInfo> (0x000000008bc65320) thrown at [./src/hotspot/share/classfile/systemDictionary.cpp, line 231]
Event: 2.804 Thread 0x0000026f6ea88000 Exception <a 'java/lang/ClassNotFoundException'{0x000000008bc70a18}: java/lang/ObjectCustomizer> (0x000000008bc70a18) thrown at [./src/hotspot/share/classfile/systemDictionary.cpp, line 231]
Event: 2.809 Thread 0x0000026f6ea88000 Exception <a 'java/lang/ClassNotFoundException'{0x000000008bc97d20}: groovy/lang/MetaClassImplCustomizer> (0x000000008bc97d20) thrown at [./src/hotspot/share/classfile/systemDictionary.cpp, line 231]
Event: 2.812 Thread 0x0000026f6ea88000 Exception <a 'java/lang/ClassNotFoundException'{0x000000008bcd6780}: groovy/lang/ExpandoMetaClassCustomizer> (0x000000008bcd6780) thrown at [./src/hotspot/share/classfile/systemDictionary.cpp, line 231]

Events (20 events):
Event: 2.868 loading class sun/nio/fs/WindowsAclFileAttributeView
Event: 2.868 loading class sun/nio/fs/AbstractAclFileAttributeView
Event: 2.868 loading class java/nio/file/attribute/AclFileAttributeView
Event: 2.868 loading class java/nio/file/attribute/FileOwnerAttributeView
Event: 2.868 loading class java/nio/file/attribute/FileOwnerAttributeView done
Event: 2.868 loading class java/nio/file/attribute/AclFileAttributeView done
Event: 2.868 loading class sun/nio/fs/AbstractAclFileAttributeView done
Event: 2.868 loading class sun/nio/fs/WindowsAclFileAttributeView done
Event: 2.868 loading class sun/nio/fs/WindowsSecurity
Event: 2.868 loading class sun/nio/fs/WindowsSecurity done
Event: 2.868 loading class sun/nio/fs/WindowsFileStore
Event: 2.869 loading class sun/nio/fs/WindowsFileStore done
Event: 2.871 loading class java/nio/file/AccessDeniedException
Event: 2.871 loading class java/nio/file/AccessDeniedException done
Event: 2.871 loading class java/nio/file/InvalidPathException
Event: 2.871 loading class java/nio/file/InvalidPathException done
Event: 2.871 loading class sun/nio/fs/WindowsSecurityDescriptor
Event: 2.872 loading class sun/nio/fs/WindowsSecurityDescriptor done
Event: 2.872 loading class sun/nio/fs/WindowsChannelFactory$2
Event: 2.872 loading class sun/nio/fs/WindowsChannelFactory$2 done


Dynamic libraries:
0x00007ff6230e0000 - 0x00007ff6230ea000 	C:\Program Files\Android\Android Studio\jre\bin\java.exe
0x00007ffe1b2d0000 - 0x00007ffe1b4c5000 	C:\Windows\SYSTEM32\ntdll.dll
0x00007ffe1a110000 - 0x00007ffe1a1ce000 	C:\Windows\System32\KERNEL32.DLL
0x00007ffe18be0000 - 0x00007ffe18ea8000 	C:\Windows\System32\KERNELBASE.dll
0x00007ffe18ae0000 - 0x00007ffe18be0000 	C:\Windows\System32\ucrtbase.dll
0x00007ffdd85c0000 - 0x00007ffdd85d9000 	C:\Program Files\Android\Android Studio\jre\bin\jli.dll
0x00007ffdd8470000 - 0x00007ffdd8487000 	C:\Program Files\Android\Android Studio\jre\bin\VCRUNTIME140.dll
0x00007ffe1b0e0000 - 0x00007ffe1b281000 	C:\Windows\System32\USER32.dll
0x00007ffe192e0000 - 0x00007ffe19302000 	C:\Windows\System32\win32u.dll
0x00007ffe05bb0000 - 0x00007ffe05e4a000 	C:\Windows\WinSxS\amd64_microsoft.windows.common-controls_6595b64144ccf1df_6.0.19041.1110_none_60b5254171f9507e\COMCTL32.dll
0x00007ffe1a8d0000 - 0x00007ffe1a8fb000 	C:\Windows\System32\GDI32.dll
0x00007ffe1a5a0000 - 0x00007ffe1a63e000 	C:\Windows\System32\msvcrt.dll
0x00007ffe191d0000 - 0x00007ffe192dd000 	C:\Windows\System32\gdi32full.dll
0x00007ffe189e0000 - 0x00007ffe18a7d000 	C:\Windows\System32\msvcp_win.dll
0x00007ffe1b020000 - 0x00007ffe1b050000 	C:\Windows\System32\IMM32.DLL
0x00007ffdd0cc0000 - 0x00007ffdd0d5d000 	C:\Program Files\Android\Android Studio\jre\bin\msvcp140.dll
0x00007ffdb95f0000 - 0x00007ffdba0d5000 	C:\Program Files\Android\Android Studio\jre\bin\server\jvm.dll
0x00007ffe1af10000 - 0x00007ffe1afbe000 	C:\Windows\System32\ADVAPI32.dll
0x00007ffe1a640000 - 0x00007ffe1a6dc000 	C:\Windows\System32\sechost.dll
0x00007ffe1a1d0000 - 0x00007ffe1a2f5000 	C:\Windows\System32\RPCRT4.dll
0x00007ffe19310000 - 0x00007ffe19318000 	C:\Windows\System32\PSAPI.DLL
0x00007ffe13530000 - 0x00007ffe13539000 	C:\Windows\SYSTEM32\WSOCK32.dll
0x00007ffe11ff0000 - 0x00007ffe11ffa000 	C:\Windows\SYSTEM32\VERSION.dll
0x00007ffe06050000 - 0x00007ffe06077000 	C:\Windows\SYSTEM32\WINMM.dll
0x00007ffe1a7a0000 - 0x00007ffe1a80b000 	C:\Windows\System32\WS2_32.dll
0x00007ffe168d0000 - 0x00007ffe168e2000 	C:\Windows\SYSTEM32\kernel.appcore.dll
0x00007ffe13370000 - 0x00007ffe13381000 	C:\Program Files\Android\Android Studio\jre\bin\verify.dll
0x00007ffdf7510000 - 0x00007ffdf76f4000 	C:\Windows\SYSTEM32\DBGHELP.DLL
0x00007ffdf74e0000 - 0x00007ffdf750c000 	C:\Windows\SYSTEM32\dbgcore.DLL
0x00007ffe190f0000 - 0x00007ffe19172000 	C:\Windows\System32\bcryptPrimitives.dll
0x00007ffe13340000 - 0x00007ffe13369000 	C:\Program Files\Android\Android Studio\jre\bin\java.dll
0x00007ffdf9ab0000 - 0x00007ffdf9abb000 	C:\Program Files\Android\Android Studio\jre\bin\jimage.dll
0x00007ffdf8ac0000 - 0x00007ffdf8ad8000 	C:\Program Files\Android\Android Studio\jre\bin\zip.dll
0x00007ffe195b0000 - 0x00007ffe19cf4000 	C:\Windows\System32\SHELL32.dll
0x00007ffe16ad0000 - 0x00007ffe17265000 	C:\Windows\SYSTEM32\windows.storage.dll
0x00007ffe19d00000 - 0x00007ffe1a055000 	C:\Windows\System32\combase.dll
0x00007ffe18430000 - 0x00007ffe1845e000 	C:\Windows\SYSTEM32\Wldp.dll
0x00007ffe1a6f0000 - 0x00007ffe1a79d000 	C:\Windows\System32\SHCORE.dll
0x00007ffe1afc0000 - 0x00007ffe1b015000 	C:\Windows\System32\shlwapi.dll
0x00007ffe18920000 - 0x00007ffe1893f000 	C:\Windows\SYSTEM32\profapi.dll
0x00007ffdf1290000 - 0x00007ffdf12aa000 	C:\Program Files\Android\Android Studio\jre\bin\net.dll
0x00007ffe0d070000 - 0x00007ffe0d17c000 	C:\Windows\SYSTEM32\WINHTTP.dll
0x00007ffe18190000 - 0x00007ffe181fa000 	C:\Windows\system32\mswsock.dll
0x00007ffdf1270000 - 0x00007ffdf1284000 	C:\Program Files\Android\Android Studio\jre\bin\nio.dll
0x00007ffdd86a0000 - 0x00007ffdd86c7000 	C:\Users\user\.gradle\native\e1d6ef7f7dcc3fd88c89a11ec53ec762bb8ba0a96d01ffa2cd45eb1d1d8dd5c5\windows-amd64\native-platform.dll
0x00007ffdab780000 - 0x00007ffdab8c4000 	C:\Users\user\.gradle\native\5664cfc778a61ccfe75a443a1ab52a65af34e5dc3c78e0209fed803814484fcb\windows-amd64\native-platform-file-events.dll
0x00007ffdf9960000 - 0x00007ffdf996a000 	C:\Program Files\Android\Android Studio\jre\bin\management.dll
0x00007ffdf9520000 - 0x00007ffdf952d000 	C:\Program Files\Android\Android Studio\jre\bin\management_ext.dll
0x00007ffe18380000 - 0x00007ffe18398000 	C:\Windows\SYSTEM32\CRYPTSP.dll
0x00007ffe17a40000 - 0x00007ffe17a74000 	C:\Windows\system32\rsaenh.dll
0x00007ffe18eb0000 - 0x00007ffe18ed7000 	C:\Windows\System32\bcrypt.dll
0x00007ffe188a0000 - 0x00007ffe188ce000 	C:\Windows\SYSTEM32\USERENV.dll
0x00007ffe183a0000 - 0x00007ffe183ac000 	C:\Windows\SYSTEM32\CRYPTBASE.dll
0x00007ffe17e10000 - 0x00007ffe17e4b000 	C:\Windows\SYSTEM32\IPHLPAPI.DLL
0x00007ffe1b050000 - 0x00007ffe1b058000 	C:\Windows\System32\NSI.dll
0x00007ffe0ff20000 - 0x00007ffe0ff37000 	C:\Windows\SYSTEM32\dhcpcsvc6.DLL
0x00007ffe10f80000 - 0x00007ffe10f9d000 	C:\Windows\SYSTEM32\dhcpcsvc.DLL
0x00007ffe17e50000 - 0x00007ffe17f1b000 	C:\Windows\SYSTEM32\DNSAPI.dll

dbghelp: loaded successfully - version: 4.0.5 - missing functions: none
symbol engine: initialized successfully - sym options: 0x614 - pdb path: .;C:\Program Files\Android\Android Studio\jre\bin;C:\Windows\SYSTEM32;C:\Windows\WinSxS\amd64_microsoft.windows.common-controls_6595b64144ccf1df_6.0.19041.1110_none_60b5254171f9507e;C:\Program Files\Android\Android Studio\jre\bin\server;C:\Users\user\.gradle\native\e1d6ef7f7dcc3fd88c89a11ec53ec762bb8ba0a96d01ffa2cd45eb1d1d8dd5c5\windows-amd64;C:\Users\user\.gradle\native\5664cfc778a61ccfe75a443a1ab52a65af34e5dc3c78e0209fed803814484fcb\windows-amd64

VM Arguments:
jvm_args: --add-opens=java.base/java.util=ALL-UNNAMED --add-opens=java.base/java.lang=ALL-UNNAMED --add-opens=java.base/java.lang.invoke=ALL-UNNAMED --add-opens=java.base/java.util=ALL-UNNAMED --add-opens=java.prefs/java.util.prefs=ALL-UNNAMED --add-opens=java.prefs/java.util.prefs=ALL-UNNAMED --add-opens=java.base/java.nio.charset=ALL-UNNAMED --add-opens=java.base/java.net=ALL-UNNAMED --add-opens=java.base/java.util.concurrent.atomic=ALL-UNNAMED -Xmx2048m -Dfile.encoding=UTF-8 -Duser.country=US -Duser.language=en -Duser.variant 
java_command: org.gradle.launcher.daemon.bootstrap.GradleDaemon 7.3.3
java_class_path (initial): C:\Users\user\.gradle\wrapper\dists\gradle-7.3.3-bin\6a41zxkdtcxs8rphpq6y0069z\gradle-7.3.3\lib\gradle-launcher-7.3.3.jar
Launcher Type: SUN_STANDARD

[Global flags]
     intx CICompilerCount                          = 4                                         {product} {ergonomic}
     uint ConcGCThreads                            = 2                                         {product} {ergonomic}
     uint G1ConcRefinementThreads                  = 8                                         {product} {ergonomic}
   size_t G1HeapRegionSize                         = 1048576                                   {product} {ergonomic}
    uintx GCDrainStackTargetSize                   = 64                                        {product} {ergonomic}
   size_t InitialHeapSize                          = 199229440                                 {product} {ergonomic}
   size_t MarkStackSize                            = 4194304                                   {product} {ergonomic}
   size_t MaxHeapSize                              = 2147483648                                {product} {command line}
   size_t MaxNewSize                               = 1287651328                                {product} {ergonomic}
   size_t MinHeapDeltaBytes                        = 1048576                                   {product} {ergonomic}
    uintx NonNMethodCodeHeapSize                   = 5836300                                {pd product} {ergonomic}
    uintx NonProfiledCodeHeapSize                  = 122910970                              {pd product} {ergonomic}
    uintx ProfiledCodeHeapSize                     = 122910970                              {pd product} {ergonomic}
    uintx ReservedCodeCacheSize                    = 251658240                              {pd product} {ergonomic}
     bool SegmentedCodeCache                       = true                                      {product} {ergonomic}
     bool UseCompressedClassPointers               = true                                 {lp64_product} {ergonomic}
     bool UseCompressedOops                        = true                                 {lp64_product} {ergonomic}
     bool UseG1GC                                  = true                                      {product} {ergonomic}
     bool UseLargePagesIndividualAllocation        = false                                  {pd product} {ergonomic}

Logging:
Log output configuration:
 #0: stdout all=warning uptime,level,tags
 #1: stderr all=off uptime,level,tags

Environment Variables:
PATH=C:\Program Files (x86)\Common Files\Oracle\Java\javapath;C:\Windows\system32;C:\Windows;C:\Windows\System32\Wbem;C:\Windows\System32\WindowsPowerShell\v1.0\;C:\Windows\System32\OpenSSH\;C:\Program Files (x86)\NVIDIA Corporation\PhysX\Common;C:\Program Files\Java\jdk1.8.0_351\bin;C:\ngrok;C:\Program Files\Git\cmd;C:\Users\user\AppData\Local\Microsoft\WindowsApps;
USERNAME=user
OS=Windows_NT
PROCESSOR_IDENTIFIER=Intel64 Family 6 Model 158 Stepping 10, GenuineIntel



---------------  S Y S T E M  ---------------

OS: Windows 10 , 64 bit Build 19041 (10.0.19041.1466)
OS uptime: 0 days 0:10 hours

CPU:total 8 (initial active 8) (4 cores per cpu, 2 threads per core) family 6 model 158 stepping 10 microcode 0xb4, cmov, cx8, fxsr, mmx, sse, sse2, sse3, ssse3, sse4.1, sse4.2, popcnt, avx, avx2, aes, clmul, erms, 3dnowpref, lzcnt, ht, tsc, tscinvbit, bmi1, bmi2, adx, fma

Memory: 4k page, system-wide physical 12128M (4442M free)
TotalPageFile size 18272M (AvailPageFile size 9023M)
current process WorkingSet (physical memory assigned to process): 294M, peak: 294M
current process commit charge ("private bytes"): 391M, peak: 391M

vm_info: OpenJDK 64-Bit Server VM (11.0.12+7-b1504.28-7817840) for windows-amd64 JRE (11.0.12+7-b1504.28-7817840), built on Oct 13 2021 22:12:33 by "builder" with MS VC++ 14.0 (VS2015)

END.
